This is pdfTeX, Version 3.141592653-2.6-1.40.25 (TeX Live 2023/Debian) (preloaded format=pdflatex)
 restricted \write18 enabled.
entering extended mode
(./paper.tex
LaTeX2e <2023-11-01> patch level 1
L3 programming layer <2024-01-22>
(/usr/share/texlive/texmf-dist/tex/latex/base/article.cls
Document Class: article 2023/05/17 v1.4n Standard LaTeX document class
(/usr/share/texlive/texmf-dist/tex/latex/base/size10.clo))
(./iclr2024_conference.sty
(/usr/share/texlive/texmf-dist/tex/latex/eso-pic/eso-pic.sty
(/usr/share/texlive/texmf-dist/tex/latex/graphics/keyval.sty)
(/usr/share/texlive/texmf-dist/tex/latex/xcolor/xcolor.sty
(/usr/share/texlive/texmf-dist/tex/latex/graphics-cfg/color.cfg)
(/usr/share/texlive/texmf-dist/tex/latex/graphics-def/pdftex.def)
(/usr/share/texlive/texmf-dist/tex/latex/graphics/mathcolor.ltx)))
(./fancyhdr.sty) (./natbib.sty))
(/usr/share/texlive/texmf-dist/tex/latex/psnfss/times.sty)
(/usr/share/texlive/texmf-dist/tex/latex/base/inputenc.sty)
(/usr/share/texlive/texmf-dist/tex/latex/base/fontenc.sty
(/usr/share/texlive/texmf-dist/tex/latex/psnfss/t1ptm.fd))
(/usr/share/texlive/texmf-dist/tex/latex/hyperref/hyperref.sty
(/usr/share/texlive/texmf-dist/tex/generic/iftex/iftex.sty)
(/usr/share/texlive/texmf-dist/tex/latex/kvsetkeys/kvsetkeys.sty)
(/usr/share/texlive/texmf-dist/tex/generic/kvdefinekeys/kvdefinekeys.sty)
(/usr/share/texlive/texmf-dist/tex/generic/pdfescape/pdfescape.sty
(/usr/share/texlive/texmf-dist/tex/generic/ltxcmds/ltxcmds.sty)
(/usr/share/texlive/texmf-dist/tex/generic/pdftexcmds/pdftexcmds.sty
(/usr/share/texlive/texmf-dist/tex/generic/infwarerr/infwarerr.sty)))
(/usr/share/texlive/texmf-dist/tex/latex/hycolor/hycolor.sty)
(/usr/share/texlive/texmf-dist/tex/latex/auxhook/auxhook.sty)
(/usr/share/texlive/texmf-dist/tex/latex/hyperref/nameref.sty
(/usr/share/texlive/texmf-dist/tex/latex/refcount/refcount.sty)
(/usr/share/texlive/texmf-dist/tex/generic/gettitlestring/gettitlestring.sty
(/usr/share/texlive/texmf-dist/tex/latex/kvoptions/kvoptions.sty)))
(/usr/share/texlive/texmf-dist/tex/latex/etoolbox/etoolbox.sty)
(/usr/share/texlive/texmf-dist/tex/latex/hyperref/pd1enc.def)
(/usr/share/texlive/texmf-dist/tex/generic/intcalc/intcalc.sty)
(/usr/share/texlive/texmf-dist/tex/latex/hyperref/puenc.def)
(/usr/share/texlive/texmf-dist/tex/latex/url/url.sty)
(/usr/share/texlive/texmf-dist/tex/generic/bitset/bitset.sty
(/usr/share/texlive/texmf-dist/tex/generic/bigintcalc/bigintcalc.sty))
(/usr/share/texlive/texmf-dist/tex/latex/base/atbegshi-ltx.sty))
(/usr/share/texlive/texmf-dist/tex/latex/hyperref/hpdftex.def
(/usr/share/texlive/texmf-dist/tex/latex/base/atveryend-ltx.sty)
(/usr/share/texlive/texmf-dist/tex/latex/rerunfilecheck/rerunfilecheck.sty
(/usr/share/texlive/texmf-dist/tex/generic/uniquecounter/uniquecounter.sty)))
(/usr/share/texlive/texmf-dist/tex/latex/booktabs/booktabs.sty)
(/usr/share/texlive/texmf-dist/tex/latex/amsfonts/amsfonts.sty)
(/usr/share/texlive/texmf-dist/tex/latex/units/nicefrac.sty
(/usr/share/texlive/texmf-dist/tex/latex/base/ifthen.sty))
(/usr/share/texlive/texmf-dist/tex/latex/microtype/microtype.sty
(/usr/share/texlive/texmf-dist/tex/latex/microtype/microtype-pdftex.def)
(/usr/share/texlive/texmf-dist/tex/latex/microtype/microtype.cfg))
(/usr/share/texlive/texmf-dist/tex/latex/titlesec/titletoc.sty)
(/usr/share/texlive/texmf-dist/tex/latex/caption/subcaption.sty
(/usr/share/texlive/texmf-dist/tex/latex/caption/caption.sty
(/usr/share/texlive/texmf-dist/tex/latex/caption/caption3.sty)))
(/usr/share/texlive/texmf-dist/tex/latex/graphics/graphicx.sty
(/usr/share/texlive/texmf-dist/tex/latex/graphics/graphics.sty
(/usr/share/texlive/texmf-dist/tex/latex/graphics/trig.sty)
(/usr/share/texlive/texmf-dist/tex/latex/graphics-cfg/graphics.cfg)))
(/usr/share/texlive/texmf-dist/tex/latex/amsmath/amsmath.sty
For additional information on amsmath, use the `?' option.
(/usr/share/texlive/texmf-dist/tex/latex/amsmath/amstext.sty
(/usr/share/texlive/texmf-dist/tex/latex/amsmath/amsgen.sty))
(/usr/share/texlive/texmf-dist/tex/latex/amsmath/amsbsy.sty)
(/usr/share/texlive/texmf-dist/tex/latex/amsmath/amsopn.sty))
(/usr/share/texlive/texmf-dist/tex/latex/multirow/multirow.sty)
(/usr/share/texlive/texmf-dist/tex/latex/colortbl/colortbl.sty
(/usr/share/texlive/texmf-dist/tex/latex/tools/array.sty))
(/usr/share/texlive/texmf-dist/tex/latex/cleveref/cleveref.sty)
(/usr/share/texlive/texmf-dist/tex/latex/algorithms/algorithm.sty
(/usr/share/texlive/texmf-dist/tex/latex/float/float.sty))
(/usr/share/texlive/texmf-dist/tex/latex/algorithmicx/algorithmicx.sty
Document Style algorithmicx 1.2 - a greatly improved `algorithmic' style
) (/usr/share/texlive/texmf-dist/tex/latex/algorithmicx/algpseudocode.sty
Document Style - pseudocode environments for use with the `algorithmicx' style
) (/usr/share/texlive/texmf-dist/tex/latex/pgf/frontendlayer/tikz.sty
(/usr/share/texlive/texmf-dist/tex/latex/pgf/basiclayer/pgf.sty
(/usr/share/texlive/texmf-dist/tex/latex/pgf/utilities/pgfrcs.sty
(/usr/share/texlive/texmf-dist/tex/generic/pgf/utilities/pgfutil-common.tex)
(/usr/share/texlive/texmf-dist/tex/generic/pgf/utilities/pgfutil-latex.def)
(/usr/share/texlive/texmf-dist/tex/generic/pgf/utilities/pgfrcs.code.tex
(/usr/share/texlive/texmf-dist/tex/generic/pgf/pgf.revision.tex)))
(/usr/share/texlive/texmf-dist/tex/latex/pgf/basiclayer/pgfcore.sty
(/usr/share/texlive/texmf-dist/tex/latex/pgf/systemlayer/pgfsys.sty
(/usr/share/texlive/texmf-dist/tex/generic/pgf/systemlayer/pgfsys.code.tex
(/usr/share/texlive/texmf-dist/tex/generic/pgf/utilities/pgfkeys.code.tex
(/usr/share/texlive/texmf-dist/tex/generic/pgf/utilities/pgfkeyslibraryfiltered
.code.tex)) (/usr/share/texlive/texmf-dist/tex/generic/pgf/systemlayer/pgf.cfg)
(/usr/share/texlive/texmf-dist/tex/generic/pgf/systemlayer/pgfsys-pdftex.def
(/usr/share/texlive/texmf-dist/tex/generic/pgf/systemlayer/pgfsys-common-pdf.de
f)))
(/usr/share/texlive/texmf-dist/tex/generic/pgf/systemlayer/pgfsyssoftpath.code.
tex)
(/usr/share/texlive/texmf-dist/tex/generic/pgf/systemlayer/pgfsysprotocol.code.
tex))
(/usr/share/texlive/texmf-dist/tex/generic/pgf/basiclayer/pgfcore.code.tex
(/usr/share/texlive/texmf-dist/tex/generic/pgf/math/pgfmath.code.tex
(/usr/share/texlive/texmf-dist/tex/generic/pgf/math/pgfmathutil.code.tex)
(/usr/share/texlive/texmf-dist/tex/generic/pgf/math/pgfmathparser.code.tex)
(/usr/share/texlive/texmf-dist/tex/generic/pgf/math/pgfmathfunctions.code.tex)
(/usr/share/texlive/texmf-dist/tex/generic/pgf/math/pgfmathfunctions.basic.code
.tex)
(/usr/share/texlive/texmf-dist/tex/generic/pgf/math/pgfmathfunctions.trigonomet
ric.code.tex)
(/usr/share/texlive/texmf-dist/tex/generic/pgf/math/pgfmathfunctions.random.cod
e.tex)
(/usr/share/texlive/texmf-dist/tex/generic/pgf/math/pgfmathfunctions.comparison
.code.tex)
(/usr/share/texlive/texmf-dist/tex/generic/pgf/math/pgfmathfunctions.base.code.
tex)
(/usr/share/texlive/texmf-dist/tex/generic/pgf/math/pgfmathfunctions.round.code
.tex)
(/usr/share/texlive/texmf-dist/tex/generic/pgf/math/pgfmathfunctions.misc.code.
tex)
(/usr/share/texlive/texmf-dist/tex/generic/pgf/math/pgfmathfunctions.integerari
thmetics.code.tex)
(/usr/share/texlive/texmf-dist/tex/generic/pgf/math/pgfmathcalc.code.tex)
(/usr/share/texlive/texmf-dist/tex/generic/pgf/math/pgfmathfloat.code.tex))
(/usr/share/texlive/texmf-dist/tex/generic/pgf/math/pgfint.code.tex)
(/usr/share/texlive/texmf-dist/tex/generic/pgf/basiclayer/pgfcorepoints.code.te
x)
(/usr/share/texlive/texmf-dist/tex/generic/pgf/basiclayer/pgfcorepathconstruct.
code.tex)
(/usr/share/texlive/texmf-dist/tex/generic/pgf/basiclayer/pgfcorepathusage.code
.tex)
(/usr/share/texlive/texmf-dist/tex/generic/pgf/basiclayer/pgfcorescopes.code.te
x)
(/usr/share/texlive/texmf-dist/tex/generic/pgf/basiclayer/pgfcoregraphicstate.c
ode.tex)
(/usr/share/texlive/texmf-dist/tex/generic/pgf/basiclayer/pgfcoretransformation
s.code.tex)
(/usr/share/texlive/texmf-dist/tex/generic/pgf/basiclayer/pgfcorequick.code.tex
)
(/usr/share/texlive/texmf-dist/tex/generic/pgf/basiclayer/pgfcoreobjects.code.t
ex)
(/usr/share/texlive/texmf-dist/tex/generic/pgf/basiclayer/pgfcorepathprocessing
.code.tex)
(/usr/share/texlive/texmf-dist/tex/generic/pgf/basiclayer/pgfcorearrows.code.te
x)
(/usr/share/texlive/texmf-dist/tex/generic/pgf/basiclayer/pgfcoreshade.code.tex
)
(/usr/share/texlive/texmf-dist/tex/generic/pgf/basiclayer/pgfcoreimage.code.tex
)
(/usr/share/texlive/texmf-dist/tex/generic/pgf/basiclayer/pgfcoreexternal.code.
tex)
(/usr/share/texlive/texmf-dist/tex/generic/pgf/basiclayer/pgfcorelayers.code.te
x)
(/usr/share/texlive/texmf-dist/tex/generic/pgf/basiclayer/pgfcoretransparency.c
ode.tex)
(/usr/share/texlive/texmf-dist/tex/generic/pgf/basiclayer/pgfcorepatterns.code.
tex)
(/usr/share/texlive/texmf-dist/tex/generic/pgf/basiclayer/pgfcorerdf.code.tex))
)
(/usr/share/texlive/texmf-dist/tex/generic/pgf/modules/pgfmoduleshapes.code.tex
) (/usr/share/texlive/texmf-dist/tex/generic/pgf/modules/pgfmoduleplot.code.tex
)
(/usr/share/texlive/texmf-dist/tex/latex/pgf/compatibility/pgfcomp-version-0-65
.sty)
(/usr/share/texlive/texmf-dist/tex/latex/pgf/compatibility/pgfcomp-version-1-18
.sty)) (/usr/share/texlive/texmf-dist/tex/latex/pgf/utilities/pgffor.sty
(/usr/share/texlive/texmf-dist/tex/latex/pgf/utilities/pgfkeys.sty
(/usr/share/texlive/texmf-dist/tex/generic/pgf/utilities/pgfkeys.code.tex))
(/usr/share/texlive/texmf-dist/tex/latex/pgf/math/pgfmath.sty
(/usr/share/texlive/texmf-dist/tex/generic/pgf/math/pgfmath.code.tex))
(/usr/share/texlive/texmf-dist/tex/generic/pgf/utilities/pgffor.code.tex))
(/usr/share/texlive/texmf-dist/tex/generic/pgf/frontendlayer/tikz/tikz.code.tex

(/usr/share/texlive/texmf-dist/tex/generic/pgf/libraries/pgflibraryplothandlers
.code.tex)
(/usr/share/texlive/texmf-dist/tex/generic/pgf/modules/pgfmodulematrix.code.tex
)
(/usr/share/texlive/texmf-dist/tex/generic/pgf/frontendlayer/tikz/libraries/tik
zlibrarytopaths.code.tex)))
(/usr/share/texlive/texmf-dist/tex/latex/pgfplots/pgfplots.sty
(/usr/share/texlive/texmf-dist/tex/generic/pgfplots/pgfplots.revision.tex)
(/usr/share/texlive/texmf-dist/tex/generic/pgfplots/pgfplots.code.tex
(/usr/share/texlive/texmf-dist/tex/generic/pgfplots/pgfplotscore.code.tex
(/usr/share/texlive/texmf-dist/tex/generic/pgfplots/sys/pgfplotssysgeneric.code
.tex))
(/usr/share/texlive/texmf-dist/tex/generic/pgfplots/libs/pgfplotslibrary.code.t
ex)
(/usr/share/texlive/texmf-dist/tex/generic/pgfplots/oldpgfcompatib/pgfplotsoldp
gfsupp_loader.code.tex
(/usr/share/texlive/texmf-dist/tex/generic/pgf/libraries/pgflibraryfpu.code.tex
)
Package pgfplots: loading complementary utilities for your pgf version...

(/usr/share/texlive/texmf-dist/tex/generic/pgfplots/oldpgfcompatib/pgfplotsoldp
gfsupp_pgfutil-common-lists.tex))
(/usr/share/texlive/texmf-dist/tex/generic/pgfplots/util/pgfplotsutil.code.tex
(/usr/share/texlive/texmf-dist/tex/generic/pgfplots/liststructure/pgfplotslists
tructure.code.tex)
(/usr/share/texlive/texmf-dist/tex/generic/pgfplots/liststructure/pgfplotslists
tructureext.code.tex)
(/usr/share/texlive/texmf-dist/tex/generic/pgfplots/liststructure/pgfplotsarray
.code.tex)
(/usr/share/texlive/texmf-dist/tex/generic/pgfplots/liststructure/pgfplotsmatri
x.code.tex)
(/usr/share/texlive/texmf-dist/tex/generic/pgfplots/numtable/pgfplotstableshare
d.code.tex)
(/usr/share/texlive/texmf-dist/tex/generic/pgfplots/liststructure/pgfplotsdeque
.code.tex)
(/usr/share/texlive/texmf-dist/tex/generic/pgfplots/util/pgfplotsbinary.code.te
x
(/usr/share/texlive/texmf-dist/tex/generic/pgfplots/util/pgfplotsbinary.data.co
de.tex))
(/usr/share/texlive/texmf-dist/tex/generic/pgfplots/util/pgfplotsutil.verb.code
.tex)
(/usr/share/texlive/texmf-dist/tex/generic/pgfplots/libs/pgflibrarypgfplots.sur
fshading.code.tex
(/usr/share/texlive/texmf-dist/tex/generic/pgfplots/sys/pgflibrarypgfplots.surf
shading.pgfsys-pdftex.def)))
(/usr/share/texlive/texmf-dist/tex/generic/pgfplots/util/pgfplotscolormap.code.
tex
(/usr/share/texlive/texmf-dist/tex/generic/pgfplots/util/pgfplotscolor.code.tex
))
(/usr/share/texlive/texmf-dist/tex/generic/pgfplots/pgfplotsstackedplots.code.t
ex)
(/usr/share/texlive/texmf-dist/tex/generic/pgfplots/pgfplotsplothandlers.code.t
ex
(/usr/share/texlive/texmf-dist/tex/generic/pgfplots/pgfplotsmeshplothandler.cod
e.tex
(/usr/share/texlive/texmf-dist/tex/generic/pgfplots/pgfplotsmeshplotimage.code.
tex)))
(/usr/share/texlive/texmf-dist/tex/generic/pgfplots/pgfplots.scaling.code.tex)
(/usr/share/texlive/texmf-dist/tex/generic/pgfplots/pgfplotscoordprocessing.cod
e.tex)
(/usr/share/texlive/texmf-dist/tex/generic/pgfplots/pgfplots.errorbars.code.tex
) (/usr/share/texlive/texmf-dist/tex/generic/pgfplots/pgfplots.markers.code.tex
) (/usr/share/texlive/texmf-dist/tex/generic/pgfplots/pgfplotsticks.code.tex)
(/usr/share/texlive/texmf-dist/tex/generic/pgfplots/pgfplots.paths.code.tex)
(/usr/share/texlive/texmf-dist/tex/generic/pgf/frontendlayer/tikz/libraries/tik
zlibrarydecorations.code.tex
(/usr/share/texlive/texmf-dist/tex/generic/pgf/modules/pgfmoduledecorations.cod
e.tex))
(/usr/share/texlive/texmf-dist/tex/generic/pgf/frontendlayer/tikz/libraries/tik
zlibrarydecorations.pathmorphing.code.tex
(/usr/share/texlive/texmf-dist/tex/generic/pgf/libraries/decorations/pgflibrary
decorations.pathmorphing.code.tex))
(/usr/share/texlive/texmf-dist/tex/generic/pgf/frontendlayer/tikz/libraries/tik
zlibrarydecorations.pathreplacing.code.tex
(/usr/share/texlive/texmf-dist/tex/generic/pgf/libraries/decorations/pgflibrary
decorations.pathreplacing.code.tex))
(/usr/share/texlive/texmf-dist/tex/generic/pgfplots/libs/tikzlibrarypgfplots.co
ntourlua.code.tex))
(/usr/share/texlive/texmf-dist/tex/generic/pgf/frontendlayer/tikz/libraries/tik
zlibraryplotmarks.code.tex
(/usr/share/texlive/texmf-dist/tex/generic/pgf/libraries/pgflibraryplotmarks.co
de.tex))) (/usr/share/texlive/texmf-dist/tex/latex/tools/tabularx.sty)
(/usr/share/texlive/texmf-dist/tex/latex/l3backend/l3backend-pdftex.def)
No file paper.aux.
(/usr/share/texlive/texmf-dist/tex/context/base/mkii/supp-pdf.mkii
[Loading MPS to PDF converter (version 2006.09.02).]
) (/usr/share/texlive/texmf-dist/tex/latex/epstopdf-pkg/epstopdf-base.sty
(/usr/share/texlive/texmf-dist/tex/latex/latexconfig/epstopdf-sys.cfg))
(/usr/share/texlive/texmf-dist/tex/latex/microtype/mt-ptm.cfg)
Package pgfplots notification 'compat/show suggested version=true': document ha
s been generated with the most recent feature set (\pgfplotsset{compat=1.18}).

(/usr/share/texlive/texmf-dist/tex/latex/microtype/mt-cmr.cfg)
(/usr/share/texlive/texmf-dist/tex/latex/amsfonts/umsa.fd)
(/usr/share/texlive/texmf-dist/tex/latex/microtype/mt-msa.cfg)
(/usr/share/texlive/texmf-dist/tex/latex/amsfonts/umsb.fd)
(/usr/share/texlive/texmf-dist/tex/latex/microtype/mt-msb.cfg)
! Missing \endcsname inserted.
<to be read again> 
                   \protect 
l.55 ...e loss landscape \cite{author\_year\_meta}
                                                  . By approximating the Hes...


Package natbib Warning: Citation `author\T1\textunderscoreyear\T1\textunderscor
emeta' on page 1 undefined on input line 55.

! Missing \endcsname inserted.
<to be read again> 
                   \protect 
l.55 ...s like ELLA \cite{deng\_2022\_accelerated}
                                                   or Laplace Redux \cite{da...


Package natbib Warning: Citation `deng\T1\textunderscore2022\T1\textunderscorea
ccelerated' on page 1 undefined on input line 55.

! Missing \endcsname inserted.
<to be read again> 
                   \protect 
l.55 ...lace Redux \cite{daxberger\_2021\_laplace}
                                                   are inherently offline, r...


Package natbib Warning: Citation `daxberger\T1\textunderscore2021\T1\textunders
corelaplace' on page 1 undefined on input line 55.

! Undefined control sequence.
l.55 ...able for true lifelong learning streams.\n
                                                  \nThis division creates a ...

! Undefined control sequence.
l.55 ...or true lifelong learning streams.\n\nThis
                                                   division creates a critic...

! Missing \endcsname inserted.
<to be read again> 
                   \protect 
l.55 ...lemma \cite{hiratani\_2024\_disentangling}
                                                  .\n\nTo address these chal...


Package natbib Warning: Citation `hiratani\T1\textunderscore2024\T1\textundersc
oredisentangling' on page 1 undefined on input line 55.

! Undefined control sequence.
l.55 ...ma \cite{hiratani\_2024\_disentangling}.\n
                                                  \nTo address these challen...

! Undefined control sequence.
l.55 ...cite{hiratani\_2024\_disentangling}.\n\nTo
                                                   address these challenges,...

! Undefined control sequence.
l.55 ...arning along novel geometric directions.\n
                                                  \nOur primary contribution...

! Undefined control sequence.
l.55 ...g along novel geometric directions.\n\nOur
                                                   primary contributions are...

! Undefined control sequence.
l.55 ...ur primary contributions are as follows:\n
                                                  \begin{itemize}
[1{/var/lib/texmf/fonts/map/pdftex/updmap/pdftex.map}{/usr/share/texlive/texmf-
dist/fonts/enc/dvips/base/8r.enc}]
(/usr/share/texlive/texmf-dist/tex/latex/psnfss/ts1ptm.fd)
! Undefined control sequence.
l.60 \nWe
          validate SOCA on the Permuted MNIST and Split CIFAR-100 continual ...

! Undefined control sequence.
l.64 ... contrasting it with existing paradigms.\n
                                                  \n\subsection{Streaming an...

! Undefined control sequence.
l.64 ...ontrasting it with existing paradigms.\n\n
                                                  \subsection{Streaming and ...

! Missing \endcsname inserted.
<to be read again> 
                   \protect 
l.65 ... during training \cite{author\_year\_long}
                                                  . Methods like Averaged Gr...


Package natbib Warning: Citation `author\T1\textunderscoreyear\T1\textunderscor
elong' on page 2 undefined on input line 65.

! Missing \endcsname inserted.
<to be read again> 
                   \protect 
l.65 ...n be biased \cite{sun\_2023\_regularizing}
                                                  . In contrast, SOCA replac...


Package natbib Warning: Citation `sun\T1\textunderscore2023\T1\textunderscorere
gularizing' on page 2 undefined on input line 65.

! Undefined control sequence.
l.65 ...led approach to knowledge consolidation.\n
                                                  \n\subsection{Second-Order...

! Undefined control sequence.
l.65 ...d approach to knowledge consolidation.\n\n
                                                  \subsection{Second-Order a...

! Missing \endcsname inserted.
<to be read again> 
                   \protect 
l.66 ...importance \cite{daxberger\_2021\_laplace}
                                                  . ELLA \cite{deng\_2022\_a...


Package natbib Warning: Citation `daxberger\T1\textunderscore2021\T1\textunders
corelaplace' on page 2 undefined on input line 66.

! Missing \endcsname inserted.
<to be read again> 
                   \protect 
l.66 ...lace}. ELLA \cite{deng\_2022\_accelerated}
                                                   provides an efficient way...


Package natbib Warning: Citation `deng\T1\textunderscore2022\T1\textunderscorea
ccelerated' on page 2 undefined on input line 66.

! Undefined control sequence.
l.66 ...ethods to a scalable, streaming context.\n
                                                  \n\subsection{Meta-Continu...

! Undefined control sequence.
l.66 ...hods to a scalable, streaming context.\n\n
                                                  \subsection{Meta-Continual...

[2]
! Missing \endcsname inserted.
<to be read again> 
                   \protect 
l.67 ...orithms like MAML \cite{finn\_2017\_model}
                                                   to an online setting, aim...


Package natbib Warning: Citation `finn\T1\textunderscore2017\T1\textunderscorem
odel' on page 3 undefined on input line 67.

! Missing \endcsname inserted.
<to be read again> 
                   \protect 
l.67 ...mization process \cite{author\_year\_meta}
                                                  . SOCA contributes to this...


Package natbib Warning: Citation `author\T1\textunderscoreyear\T1\textunderscor
emeta' on page 3 undefined on input line 67.

! Undefined control sequence.
l.71 ...r optimization upon which SOCA is built.\n
                                                  \n\subsection{Continual Le...

! Undefined control sequence.
l.71 ...optimization upon which SOCA is built.\n\n
                                                  \subsection{Continual Lear...

! Undefined control sequence.
l.72 ...ting parameters important for old tasks.\n
                                                  \n\subsection{Curvature an...

! Undefined control sequence.
l.72 ...ng parameters important for old tasks.\n\n
                                                  \subsection{Curvature and ...

! Undefined control sequence.
l.73 ...task's solution and should be preserved.\n
                                                  \n\subsection{Low-Rank Hes...

! Undefined control sequence.
l.73 ...sk's solution and should be preserved.\n\n
                                                  \subsection{Low-Rank Hessi...

! Missing \endcsname inserted.
<to be read again> 
                   \protect 
l.74 ...A framework \cite{deng\_2022\_accelerated}
                                                   provides an efficient met...


Package natbib Warning: Citation `deng\T1\textunderscore2022\T1\textunderscorea
ccelerated' on page 3 undefined on input line 74.

! Undefined control sequence.
l.74 ...g the explicit formation of the Hessian.\n
                                                  \n\subsection{Problem Sett...

! Undefined control sequence.
l.74 ...the explicit formation of the Hessian.\n\n
                                                  \subsection{Problem Settin...

[3]
! Undefined control sequence.
l.79 ...three key stages for each incoming task.\n
                                                  \n\textbf{1. Task-Local Cu...

! Undefined control sequence.
l.79 ...ree key stages for each incoming task.\n\n
                                                  \textbf{1. Task-Local Curv...

! Undefined control sequence.
<recently read> \nFor 
                      
l.79 ...f{1. Task-Local Curvature Estimation}\nFor
                                                   each new task $T_t$, we b...

! Missing \endcsname inserted.
<to be read again> 
                   \protect 
l.79 ...e from ELLA \cite{deng\_2022\_accelerated}
                                                  , which uses a Nyström ap...


Package natbib Warning: Citation `deng\T1\textunderscore2022\T1\textunderscorea
ccelerated' on page 4 undefined on input line 79.

! Undefined control sequence.
l.79 ...NTK) to extract this low-rank structure.\n
                                                  \n\textbf{2. Streaming Ort...

! Undefined control sequence.
l.79 ...K) to extract this low-rank structure.\n\n
                                                  \textbf{2. Streaming Ortho...

! Undefined control sequence.
<recently read> \nThis 
                       
l.79 ...nal Curvature Fusion (Core Novelty)}\nThis
                                                   stage is the core of SOCA...

! Undefined control sequence.
l.85 \n
       \textbf{3. Dual-Use Meta-Curvature for Stability and Plasticity}\nOnc...

! Undefined control sequence.
<recently read> \nOnce 
                       
l.85 ...vature for Stability and Plasticity}\nOnce
                                                   updated, the global model...

[4]
! Undefined control sequence.
l.93 ...reaming Meta-Continual Learning setting.\n
                                                  \n\textbf{Datasets and Tas...

! Undefined control sequence.
l.93 ...aming Meta-Continual Learning setting.\n\n
                                                  \textbf{Datasets and Task ...

! Undefined control sequence.
<recently read> \nWe 
                     
l.93 ...textbf{Datasets and Task Formulation:}\nWe
                                                   utilized two standard con...

! Undefined control sequence.
l.93 ...sess performance in different scenarios:\n
                                                  \begin{itemize}
! Undefined control sequence.
l.98 \n
       \textbf{Baselines for Comparison:}\nWe compared SOCA against a set of...

! Undefined control sequence.
<recently read> \nWe 
                     
l.98 \n\textbf{Baselines for Comparison:}\nWe
                                              compared SOCA against a set of...

! Undefined control sequence.
l.98 ...ainst a set of representative baselines:\n
                                                  \begin{itemize}
! Undefined control sequence.
l.104 \n
        \textbf{Evaluation Metrics:}\nWe employed a suite of standard metric...

! Undefined control sequence.
<recently read> \nWe 
                     
l.104 \n\textbf{Evaluation Metrics:}\nWe
                                         employed a suite of standard metric...

! Undefined control sequence.
l.104 ...trics to provide a holistic evaluation:\n
                                                  \begin{itemize}
! Undefined control sequence.
l.110 \n
        \textbf{Implementation Details:}\nAll experiments were implemented i...

! Undefined control sequence.
<recently read> \nAll 
                      
l.110 \n\textbf{Implementation Details:}\nAll
                                              experiments were implemented i...

[5]
! Undefined control sequence.
l.114 ...different continual learning scenarios.\n
                                                  \n\subsection{Performance ...

! Undefined control sequence.
l.114 ...fferent continual learning scenarios.\n\n
                                                  \subsection{Performance on...

! Undefined control sequence.
l.115 ...hese metrics is visualized in Figure 1.\n
                                                  \nFurthermore, SOCA proved...

! Undefined control sequence.
l.115 ...is visualized in Figure 1.\n\nFurthermore
                                                  , SOCA proved highly effec...

! Undefined control sequence.
l.115 ...urther illustrate this performance gap.\n
                                                  \n\subsection{Performance ...

! Undefined control sequence.
l.115 ...ther illustrate this performance gap.\n\n
                                                  \subsection{Performance on...

! Undefined control sequence.
l.116 ...hallenge in class-incremental learning.\n
                                                  \n\subsection{Analysis of ...

! Undefined control sequence.
l.116 ...llenge in class-incremental learning.\n\n
                                                  \subsection{Analysis of Tr...

! Undefined control sequence.
l.117 ...n this difficult but important setting.\n
                                                  \n\begin{figure}[H]
! Undefined control sequence.
l.117 ...this difficult but important setting.\n\n
                                                  \begin{figure}[H]

Underfull \vbox (badness 10000) has occurred while \output is active [6]
Underfull \vbox (badness 10000) has occurred while \output is active [7 <./imag
es/metrics_comparison_permuted_mnist.pdf> <./images/metrics_comparison_split_ci
far100.pdf> <./images/accuracy_heatmap_soca.pdf>]
Underfull \vbox (badness 10000) has occurred while \output is active [8 <./imag
es/accuracy_heatmap_experience_replay.pdf> <./images/accuracy_heatmap_finetune.
pdf>]
Underfull \vbox (badness 10000) has occurred while \output is active [9 <./imag
es/forgetting_analysis_soca.pdf> <./images/forgetting_analysis_experience_repla
y.pdf>]
! Undefined control sequence.
l.167 ...pre-conditioning to promote plasticity.\n
                                                  \nOur experimental evaluat...

! Undefined control sequence.
l.167 ...onditioning to promote plasticity.\n\nOur
                                                   experimental evaluation d...

! Undefined control sequence.
l.167 ...nce involves an expanding output space.\n
                                                  \nSOCA represents a signif...

! Undefined control sequence.
l.167 ...volves an expanding output space.\n\nSOCA
                                                   represents a significant ...


Package natbib Warning: Citation `airas2025' on page 10 undefined on input line
 169.

No file paper.bbl.

Package natbib Warning: There were undefined citations.

[10 <./images/forgetting_analysis_finetune.pdf>] (./paper.aux)

LaTeX Warning: Label(s) may have changed. Rerun to get cross-references right.


Package rerunfilecheck Warning: File `paper.out' has changed.
(rerunfilecheck)                Rerun to get outlines right
(rerunfilecheck)                or use package `bookmark'.

 )
(see the transcript file for additional information)</usr/share/texlive/texmf-d
ist/fonts/type1/public/amsfonts/cm/cmmi10.pfb></usr/share/texlive/texmf-dist/fo
nts/type1/public/amsfonts/cm/cmmi7.pfb></usr/share/texlive/texmf-dist/fonts/typ
e1/public/amsfonts/cm/cmr10.pfb></usr/share/texlive/texmf-dist/fonts/type1/publ
ic/amsfonts/cm/cmr7.pfb></usr/share/texlive/texmf-dist/fonts/type1/public/amsfo
nts/cm/cmsy10.pfb></usr/share/texlive/texmf-dist/fonts/type1/public/amsfonts/cm
/cmsy7.pfb></usr/share/texlive/texmf-dist/fonts/type1/public/amsfonts/symbols/m
sbm10.pfb></usr/share/texlive/texmf-dist/fonts/type1/urw/times/utmb8a.pfb></usr
/share/texlive/texmf-dist/fonts/type1/urw/times/utmr8a.pfb>
Output written on paper.pdf (10 pages, 249338 bytes).
Transcript written on paper.log.
This is BibTeX, Version 0.99d (TeX Live 2023/Debian)
The top-level auxiliary file: paper.aux
White space in argument---line 5 of file paper.aux
 : \citation{author\protect
 :                          \T1\textunderscore year\protect \T1\textunderscore meta}
I'm skipping whatever remains of this command
White space in argument---line 6 of file paper.aux
 : \citation{deng\protect
 :                        \T1\textunderscore 2022\protect \T1\textunderscore accelerated}
I'm skipping whatever remains of this command
White space in argument---line 7 of file paper.aux
 : \citation{daxberger\protect
 :                             \T1\textunderscore 2021\protect \T1\textunderscore laplace}
I'm skipping whatever remains of this command
White space in argument---line 8 of file paper.aux
 : \citation{hiratani\protect
 :                            \T1\textunderscore 2024\protect \T1\textunderscore disentangling}
I'm skipping whatever remains of this command
White space in argument---line 12 of file paper.aux
 : \citation{author\protect
 :                          \T1\textunderscore year\protect \T1\textunderscore long}
I'm skipping whatever remains of this command
White space in argument---line 13 of file paper.aux
 : \citation{sun\protect
 :                       \T1\textunderscore 2023\protect \T1\textunderscore regularizing}
I'm skipping whatever remains of this command
White space in argument---line 14 of file paper.aux
 : \citation{daxberger\protect
 :                             \T1\textunderscore 2021\protect \T1\textunderscore laplace}
I'm skipping whatever remains of this command
White space in argument---line 15 of file paper.aux
 : \citation{deng\protect
 :                        \T1\textunderscore 2022\protect \T1\textunderscore accelerated}
I'm skipping whatever remains of this command
White space in argument---line 21 of file paper.aux
 : \citation{finn\protect
 :                        \T1\textunderscore 2017\protect \T1\textunderscore model}
I'm skipping whatever remains of this command
White space in argument---line 22 of file paper.aux
 : \citation{author\protect
 :                          \T1\textunderscore year\protect \T1\textunderscore meta}
I'm skipping whatever remains of this command
White space in argument---line 23 of file paper.aux
 : \citation{deng\protect
 :                        \T1\textunderscore 2022\protect \T1\textunderscore accelerated}
I'm skipping whatever remains of this command
White space in argument---line 31 of file paper.aux
 : \citation{deng\protect
 :                        \T1\textunderscore 2022\protect \T1\textunderscore accelerated}
I'm skipping whatever remains of this command
The style file: iclr2024_conference.bst
Database file #1: references.bib
(There were 12 error messages)
This is pdfTeX, Version 3.141592653-2.6-1.40.25 (TeX Live 2023/Debian) (preloaded format=pdflatex)
 restricted \write18 enabled.
entering extended mode
(./paper.tex
LaTeX2e <2023-11-01> patch level 1
L3 programming layer <2024-01-22>
(/usr/share/texlive/texmf-dist/tex/latex/base/article.cls
Document Class: article 2023/05/17 v1.4n Standard LaTeX document class
(/usr/share/texlive/texmf-dist/tex/latex/base/size10.clo))
(./iclr2024_conference.sty
(/usr/share/texlive/texmf-dist/tex/latex/eso-pic/eso-pic.sty
(/usr/share/texlive/texmf-dist/tex/latex/graphics/keyval.sty)
(/usr/share/texlive/texmf-dist/tex/latex/xcolor/xcolor.sty
(/usr/share/texlive/texmf-dist/tex/latex/graphics-cfg/color.cfg)
(/usr/share/texlive/texmf-dist/tex/latex/graphics-def/pdftex.def)
(/usr/share/texlive/texmf-dist/tex/latex/graphics/mathcolor.ltx)))
(./fancyhdr.sty) (./natbib.sty))
(/usr/share/texlive/texmf-dist/tex/latex/psnfss/times.sty)
(/usr/share/texlive/texmf-dist/tex/latex/base/inputenc.sty)
(/usr/share/texlive/texmf-dist/tex/latex/base/fontenc.sty
(/usr/share/texlive/texmf-dist/tex/latex/psnfss/t1ptm.fd))
(/usr/share/texlive/texmf-dist/tex/latex/hyperref/hyperref.sty
(/usr/share/texlive/texmf-dist/tex/generic/iftex/iftex.sty)
(/usr/share/texlive/texmf-dist/tex/latex/kvsetkeys/kvsetkeys.sty)
(/usr/share/texlive/texmf-dist/tex/generic/kvdefinekeys/kvdefinekeys.sty)
(/usr/share/texlive/texmf-dist/tex/generic/pdfescape/pdfescape.sty
(/usr/share/texlive/texmf-dist/tex/generic/ltxcmds/ltxcmds.sty)
(/usr/share/texlive/texmf-dist/tex/generic/pdftexcmds/pdftexcmds.sty
(/usr/share/texlive/texmf-dist/tex/generic/infwarerr/infwarerr.sty)))
(/usr/share/texlive/texmf-dist/tex/latex/hycolor/hycolor.sty)
(/usr/share/texlive/texmf-dist/tex/latex/auxhook/auxhook.sty)
(/usr/share/texlive/texmf-dist/tex/latex/hyperref/nameref.sty
(/usr/share/texlive/texmf-dist/tex/latex/refcount/refcount.sty)
(/usr/share/texlive/texmf-dist/tex/generic/gettitlestring/gettitlestring.sty
(/usr/share/texlive/texmf-dist/tex/latex/kvoptions/kvoptions.sty)))
(/usr/share/texlive/texmf-dist/tex/latex/etoolbox/etoolbox.sty)
(/usr/share/texlive/texmf-dist/tex/latex/hyperref/pd1enc.def)
(/usr/share/texlive/texmf-dist/tex/generic/intcalc/intcalc.sty)
(/usr/share/texlive/texmf-dist/tex/latex/hyperref/puenc.def)
(/usr/share/texlive/texmf-dist/tex/latex/url/url.sty)
(/usr/share/texlive/texmf-dist/tex/generic/bitset/bitset.sty
(/usr/share/texlive/texmf-dist/tex/generic/bigintcalc/bigintcalc.sty))
(/usr/share/texlive/texmf-dist/tex/latex/base/atbegshi-ltx.sty))
(/usr/share/texlive/texmf-dist/tex/latex/hyperref/hpdftex.def
(/usr/share/texlive/texmf-dist/tex/latex/base/atveryend-ltx.sty)
(/usr/share/texlive/texmf-dist/tex/latex/rerunfilecheck/rerunfilecheck.sty
(/usr/share/texlive/texmf-dist/tex/generic/uniquecounter/uniquecounter.sty)))
(/usr/share/texlive/texmf-dist/tex/latex/booktabs/booktabs.sty)
(/usr/share/texlive/texmf-dist/tex/latex/amsfonts/amsfonts.sty)
(/usr/share/texlive/texmf-dist/tex/latex/units/nicefrac.sty
(/usr/share/texlive/texmf-dist/tex/latex/base/ifthen.sty))
(/usr/share/texlive/texmf-dist/tex/latex/microtype/microtype.sty
(/usr/share/texlive/texmf-dist/tex/latex/microtype/microtype-pdftex.def)
(/usr/share/texlive/texmf-dist/tex/latex/microtype/microtype.cfg))
(/usr/share/texlive/texmf-dist/tex/latex/titlesec/titletoc.sty)
(/usr/share/texlive/texmf-dist/tex/latex/caption/subcaption.sty
(/usr/share/texlive/texmf-dist/tex/latex/caption/caption.sty
(/usr/share/texlive/texmf-dist/tex/latex/caption/caption3.sty)))
(/usr/share/texlive/texmf-dist/tex/latex/graphics/graphicx.sty
(/usr/share/texlive/texmf-dist/tex/latex/graphics/graphics.sty
(/usr/share/texlive/texmf-dist/tex/latex/graphics/trig.sty)
(/usr/share/texlive/texmf-dist/tex/latex/graphics-cfg/graphics.cfg)))
(/usr/share/texlive/texmf-dist/tex/latex/amsmath/amsmath.sty
For additional information on amsmath, use the `?' option.
(/usr/share/texlive/texmf-dist/tex/latex/amsmath/amstext.sty
(/usr/share/texlive/texmf-dist/tex/latex/amsmath/amsgen.sty))
(/usr/share/texlive/texmf-dist/tex/latex/amsmath/amsbsy.sty)
(/usr/share/texlive/texmf-dist/tex/latex/amsmath/amsopn.sty))
(/usr/share/texlive/texmf-dist/tex/latex/multirow/multirow.sty)
(/usr/share/texlive/texmf-dist/tex/latex/colortbl/colortbl.sty
(/usr/share/texlive/texmf-dist/tex/latex/tools/array.sty))
(/usr/share/texlive/texmf-dist/tex/latex/cleveref/cleveref.sty)
(/usr/share/texlive/texmf-dist/tex/latex/algorithms/algorithm.sty
(/usr/share/texlive/texmf-dist/tex/latex/float/float.sty))
(/usr/share/texlive/texmf-dist/tex/latex/algorithmicx/algorithmicx.sty
Document Style algorithmicx 1.2 - a greatly improved `algorithmic' style
) (/usr/share/texlive/texmf-dist/tex/latex/algorithmicx/algpseudocode.sty
Document Style - pseudocode environments for use with the `algorithmicx' style
) (/usr/share/texlive/texmf-dist/tex/latex/pgf/frontendlayer/tikz.sty
(/usr/share/texlive/texmf-dist/tex/latex/pgf/basiclayer/pgf.sty
(/usr/share/texlive/texmf-dist/tex/latex/pgf/utilities/pgfrcs.sty
(/usr/share/texlive/texmf-dist/tex/generic/pgf/utilities/pgfutil-common.tex)
(/usr/share/texlive/texmf-dist/tex/generic/pgf/utilities/pgfutil-latex.def)
(/usr/share/texlive/texmf-dist/tex/generic/pgf/utilities/pgfrcs.code.tex
(/usr/share/texlive/texmf-dist/tex/generic/pgf/pgf.revision.tex)))
(/usr/share/texlive/texmf-dist/tex/latex/pgf/basiclayer/pgfcore.sty
(/usr/share/texlive/texmf-dist/tex/latex/pgf/systemlayer/pgfsys.sty
(/usr/share/texlive/texmf-dist/tex/generic/pgf/systemlayer/pgfsys.code.tex
(/usr/share/texlive/texmf-dist/tex/generic/pgf/utilities/pgfkeys.code.tex
(/usr/share/texlive/texmf-dist/tex/generic/pgf/utilities/pgfkeyslibraryfiltered
.code.tex)) (/usr/share/texlive/texmf-dist/tex/generic/pgf/systemlayer/pgf.cfg)
(/usr/share/texlive/texmf-dist/tex/generic/pgf/systemlayer/pgfsys-pdftex.def
(/usr/share/texlive/texmf-dist/tex/generic/pgf/systemlayer/pgfsys-common-pdf.de
f)))
(/usr/share/texlive/texmf-dist/tex/generic/pgf/systemlayer/pgfsyssoftpath.code.
tex)
(/usr/share/texlive/texmf-dist/tex/generic/pgf/systemlayer/pgfsysprotocol.code.
tex))
(/usr/share/texlive/texmf-dist/tex/generic/pgf/basiclayer/pgfcore.code.tex
(/usr/share/texlive/texmf-dist/tex/generic/pgf/math/pgfmath.code.tex
(/usr/share/texlive/texmf-dist/tex/generic/pgf/math/pgfmathutil.code.tex)
(/usr/share/texlive/texmf-dist/tex/generic/pgf/math/pgfmathparser.code.tex)
(/usr/share/texlive/texmf-dist/tex/generic/pgf/math/pgfmathfunctions.code.tex)
(/usr/share/texlive/texmf-dist/tex/generic/pgf/math/pgfmathfunctions.basic.code
.tex)
(/usr/share/texlive/texmf-dist/tex/generic/pgf/math/pgfmathfunctions.trigonomet
ric.code.tex)
(/usr/share/texlive/texmf-dist/tex/generic/pgf/math/pgfmathfunctions.random.cod
e.tex)
(/usr/share/texlive/texmf-dist/tex/generic/pgf/math/pgfmathfunctions.comparison
.code.tex)
(/usr/share/texlive/texmf-dist/tex/generic/pgf/math/pgfmathfunctions.base.code.
tex)
(/usr/share/texlive/texmf-dist/tex/generic/pgf/math/pgfmathfunctions.round.code
.tex)
(/usr/share/texlive/texmf-dist/tex/generic/pgf/math/pgfmathfunctions.misc.code.
tex)
(/usr/share/texlive/texmf-dist/tex/generic/pgf/math/pgfmathfunctions.integerari
thmetics.code.tex)
(/usr/share/texlive/texmf-dist/tex/generic/pgf/math/pgfmathcalc.code.tex)
(/usr/share/texlive/texmf-dist/tex/generic/pgf/math/pgfmathfloat.code.tex))
(/usr/share/texlive/texmf-dist/tex/generic/pgf/math/pgfint.code.tex)
(/usr/share/texlive/texmf-dist/tex/generic/pgf/basiclayer/pgfcorepoints.code.te
x)
(/usr/share/texlive/texmf-dist/tex/generic/pgf/basiclayer/pgfcorepathconstruct.
code.tex)
(/usr/share/texlive/texmf-dist/tex/generic/pgf/basiclayer/pgfcorepathusage.code
.tex)
(/usr/share/texlive/texmf-dist/tex/generic/pgf/basiclayer/pgfcorescopes.code.te
x)
(/usr/share/texlive/texmf-dist/tex/generic/pgf/basiclayer/pgfcoregraphicstate.c
ode.tex)
(/usr/share/texlive/texmf-dist/tex/generic/pgf/basiclayer/pgfcoretransformation
s.code.tex)
(/usr/share/texlive/texmf-dist/tex/generic/pgf/basiclayer/pgfcorequick.code.tex
)
(/usr/share/texlive/texmf-dist/tex/generic/pgf/basiclayer/pgfcoreobjects.code.t
ex)
(/usr/share/texlive/texmf-dist/tex/generic/pgf/basiclayer/pgfcorepathprocessing
.code.tex)
(/usr/share/texlive/texmf-dist/tex/generic/pgf/basiclayer/pgfcorearrows.code.te
x)
(/usr/share/texlive/texmf-dist/tex/generic/pgf/basiclayer/pgfcoreshade.code.tex
)
(/usr/share/texlive/texmf-dist/tex/generic/pgf/basiclayer/pgfcoreimage.code.tex
)
(/usr/share/texlive/texmf-dist/tex/generic/pgf/basiclayer/pgfcoreexternal.code.
tex)
(/usr/share/texlive/texmf-dist/tex/generic/pgf/basiclayer/pgfcorelayers.code.te
x)
(/usr/share/texlive/texmf-dist/tex/generic/pgf/basiclayer/pgfcoretransparency.c
ode.tex)
(/usr/share/texlive/texmf-dist/tex/generic/pgf/basiclayer/pgfcorepatterns.code.
tex)
(/usr/share/texlive/texmf-dist/tex/generic/pgf/basiclayer/pgfcorerdf.code.tex))
)
(/usr/share/texlive/texmf-dist/tex/generic/pgf/modules/pgfmoduleshapes.code.tex
) (/usr/share/texlive/texmf-dist/tex/generic/pgf/modules/pgfmoduleplot.code.tex
)
(/usr/share/texlive/texmf-dist/tex/latex/pgf/compatibility/pgfcomp-version-0-65
.sty)
(/usr/share/texlive/texmf-dist/tex/latex/pgf/compatibility/pgfcomp-version-1-18
.sty)) (/usr/share/texlive/texmf-dist/tex/latex/pgf/utilities/pgffor.sty
(/usr/share/texlive/texmf-dist/tex/latex/pgf/utilities/pgfkeys.sty
(/usr/share/texlive/texmf-dist/tex/generic/pgf/utilities/pgfkeys.code.tex))
(/usr/share/texlive/texmf-dist/tex/latex/pgf/math/pgfmath.sty
(/usr/share/texlive/texmf-dist/tex/generic/pgf/math/pgfmath.code.tex))
(/usr/share/texlive/texmf-dist/tex/generic/pgf/utilities/pgffor.code.tex))
(/usr/share/texlive/texmf-dist/tex/generic/pgf/frontendlayer/tikz/tikz.code.tex

(/usr/share/texlive/texmf-dist/tex/generic/pgf/libraries/pgflibraryplothandlers
.code.tex)
(/usr/share/texlive/texmf-dist/tex/generic/pgf/modules/pgfmodulematrix.code.tex
)
(/usr/share/texlive/texmf-dist/tex/generic/pgf/frontendlayer/tikz/libraries/tik
zlibrarytopaths.code.tex)))
(/usr/share/texlive/texmf-dist/tex/latex/pgfplots/pgfplots.sty
(/usr/share/texlive/texmf-dist/tex/generic/pgfplots/pgfplots.revision.tex)
(/usr/share/texlive/texmf-dist/tex/generic/pgfplots/pgfplots.code.tex
(/usr/share/texlive/texmf-dist/tex/generic/pgfplots/pgfplotscore.code.tex
(/usr/share/texlive/texmf-dist/tex/generic/pgfplots/sys/pgfplotssysgeneric.code
.tex))
(/usr/share/texlive/texmf-dist/tex/generic/pgfplots/libs/pgfplotslibrary.code.t
ex)
(/usr/share/texlive/texmf-dist/tex/generic/pgfplots/oldpgfcompatib/pgfplotsoldp
gfsupp_loader.code.tex
(/usr/share/texlive/texmf-dist/tex/generic/pgf/libraries/pgflibraryfpu.code.tex
)
Package pgfplots: loading complementary utilities for your pgf version...

(/usr/share/texlive/texmf-dist/tex/generic/pgfplots/oldpgfcompatib/pgfplotsoldp
gfsupp_pgfutil-common-lists.tex))
(/usr/share/texlive/texmf-dist/tex/generic/pgfplots/util/pgfplotsutil.code.tex
(/usr/share/texlive/texmf-dist/tex/generic/pgfplots/liststructure/pgfplotslists
tructure.code.tex)
(/usr/share/texlive/texmf-dist/tex/generic/pgfplots/liststructure/pgfplotslists
tructureext.code.tex)
(/usr/share/texlive/texmf-dist/tex/generic/pgfplots/liststructure/pgfplotsarray
.code.tex)
(/usr/share/texlive/texmf-dist/tex/generic/pgfplots/liststructure/pgfplotsmatri
x.code.tex)
(/usr/share/texlive/texmf-dist/tex/generic/pgfplots/numtable/pgfplotstableshare
d.code.tex)
(/usr/share/texlive/texmf-dist/tex/generic/pgfplots/liststructure/pgfplotsdeque
.code.tex)
(/usr/share/texlive/texmf-dist/tex/generic/pgfplots/util/pgfplotsbinary.code.te
x
(/usr/share/texlive/texmf-dist/tex/generic/pgfplots/util/pgfplotsbinary.data.co
de.tex))
(/usr/share/texlive/texmf-dist/tex/generic/pgfplots/util/pgfplotsutil.verb.code
.tex)
(/usr/share/texlive/texmf-dist/tex/generic/pgfplots/libs/pgflibrarypgfplots.sur
fshading.code.tex
(/usr/share/texlive/texmf-dist/tex/generic/pgfplots/sys/pgflibrarypgfplots.surf
shading.pgfsys-pdftex.def)))
(/usr/share/texlive/texmf-dist/tex/generic/pgfplots/util/pgfplotscolormap.code.
tex
(/usr/share/texlive/texmf-dist/tex/generic/pgfplots/util/pgfplotscolor.code.tex
))
(/usr/share/texlive/texmf-dist/tex/generic/pgfplots/pgfplotsstackedplots.code.t
ex)
(/usr/share/texlive/texmf-dist/tex/generic/pgfplots/pgfplotsplothandlers.code.t
ex
(/usr/share/texlive/texmf-dist/tex/generic/pgfplots/pgfplotsmeshplothandler.cod
e.tex
(/usr/share/texlive/texmf-dist/tex/generic/pgfplots/pgfplotsmeshplotimage.code.
tex)))
(/usr/share/texlive/texmf-dist/tex/generic/pgfplots/pgfplots.scaling.code.tex)
(/usr/share/texlive/texmf-dist/tex/generic/pgfplots/pgfplotscoordprocessing.cod
e.tex)
(/usr/share/texlive/texmf-dist/tex/generic/pgfplots/pgfplots.errorbars.code.tex
) (/usr/share/texlive/texmf-dist/tex/generic/pgfplots/pgfplots.markers.code.tex
) (/usr/share/texlive/texmf-dist/tex/generic/pgfplots/pgfplotsticks.code.tex)
(/usr/share/texlive/texmf-dist/tex/generic/pgfplots/pgfplots.paths.code.tex)
(/usr/share/texlive/texmf-dist/tex/generic/pgf/frontendlayer/tikz/libraries/tik
zlibrarydecorations.code.tex
(/usr/share/texlive/texmf-dist/tex/generic/pgf/modules/pgfmoduledecorations.cod
e.tex))
(/usr/share/texlive/texmf-dist/tex/generic/pgf/frontendlayer/tikz/libraries/tik
zlibrarydecorations.pathmorphing.code.tex
(/usr/share/texlive/texmf-dist/tex/generic/pgf/libraries/decorations/pgflibrary
decorations.pathmorphing.code.tex))
(/usr/share/texlive/texmf-dist/tex/generic/pgf/frontendlayer/tikz/libraries/tik
zlibrarydecorations.pathreplacing.code.tex
(/usr/share/texlive/texmf-dist/tex/generic/pgf/libraries/decorations/pgflibrary
decorations.pathreplacing.code.tex))
(/usr/share/texlive/texmf-dist/tex/generic/pgfplots/libs/tikzlibrarypgfplots.co
ntourlua.code.tex))
(/usr/share/texlive/texmf-dist/tex/generic/pgf/frontendlayer/tikz/libraries/tik
zlibraryplotmarks.code.tex
(/usr/share/texlive/texmf-dist/tex/generic/pgf/libraries/pgflibraryplotmarks.co
de.tex))) (/usr/share/texlive/texmf-dist/tex/latex/tools/tabularx.sty)
(/usr/share/texlive/texmf-dist/tex/latex/l3backend/l3backend-pdftex.def)
(./paper.aux)
(/usr/share/texlive/texmf-dist/tex/context/base/mkii/supp-pdf.mkii
[Loading MPS to PDF converter (version 2006.09.02).]
) (/usr/share/texlive/texmf-dist/tex/latex/epstopdf-pkg/epstopdf-base.sty
(/usr/share/texlive/texmf-dist/tex/latex/latexconfig/epstopdf-sys.cfg))
(./paper.out) (./paper.out)
(/usr/share/texlive/texmf-dist/tex/latex/microtype/mt-ptm.cfg)
Package pgfplots notification 'compat/show suggested version=true': document ha
s been generated with the most recent feature set (\pgfplotsset{compat=1.18}).

(/usr/share/texlive/texmf-dist/tex/latex/microtype/mt-cmr.cfg)
(/usr/share/texlive/texmf-dist/tex/latex/amsfonts/umsa.fd)
(/usr/share/texlive/texmf-dist/tex/latex/microtype/mt-msa.cfg)
(/usr/share/texlive/texmf-dist/tex/latex/amsfonts/umsb.fd)
(/usr/share/texlive/texmf-dist/tex/latex/microtype/mt-msb.cfg)
! Missing \endcsname inserted.
<to be read again> 
                   \protect 
l.55 ...e loss landscape \cite{author\_year\_meta}
                                                  . By approximating the Hes...


Package natbib Warning: Citation `author\T1\textunderscoreyear\T1\textunderscor
emeta' on page 1 undefined on input line 55.

! Missing \endcsname inserted.
<to be read again> 
                   \protect 
l.55 ...s like ELLA \cite{deng\_2022\_accelerated}
                                                   or Laplace Redux \cite{da...


Package natbib Warning: Citation `deng\T1\textunderscore2022\T1\textunderscorea
ccelerated' on page 1 undefined on input line 55.

! Missing \endcsname inserted.
<to be read again> 
                   \protect 
l.55 ...lace Redux \cite{daxberger\_2021\_laplace}
                                                   are inherently offline, r...


Package natbib Warning: Citation `daxberger\T1\textunderscore2021\T1\textunders
corelaplace' on page 1 undefined on input line 55.

! Undefined control sequence.
l.55 ...able for true lifelong learning streams.\n
                                                  \nThis division creates a ...

! Undefined control sequence.
l.55 ...or true lifelong learning streams.\n\nThis
                                                   division creates a critic...

! Missing \endcsname inserted.
<to be read again> 
                   \protect 
l.55 ...lemma \cite{hiratani\_2024\_disentangling}
                                                  .\n\nTo address these chal...


Package natbib Warning: Citation `hiratani\T1\textunderscore2024\T1\textundersc
oredisentangling' on page 1 undefined on input line 55.

! Undefined control sequence.
l.55 ...ma \cite{hiratani\_2024\_disentangling}.\n
                                                  \nTo address these challen...

! Undefined control sequence.
l.55 ...cite{hiratani\_2024\_disentangling}.\n\nTo
                                                   address these challenges,...

! Undefined control sequence.
l.55 ...arning along novel geometric directions.\n
                                                  \nOur primary contribution...

! Undefined control sequence.
l.55 ...g along novel geometric directions.\n\nOur
                                                   primary contributions are...

! Undefined control sequence.
l.55 ...ur primary contributions are as follows:\n
                                                  \begin{itemize}
[1{/var/lib/texmf/fonts/map/pdftex/updmap/pdftex.map}{/usr/share/texlive/texmf-
dist/fonts/enc/dvips/base/8r.enc}]
(/usr/share/texlive/texmf-dist/tex/latex/psnfss/ts1ptm.fd)
! Undefined control sequence.
l.60 \nWe
          validate SOCA on the Permuted MNIST and Split CIFAR-100 continual ...

! Undefined control sequence.
l.64 ... contrasting it with existing paradigms.\n
                                                  \n\subsection{Streaming an...

! Undefined control sequence.
l.64 ...ontrasting it with existing paradigms.\n\n
                                                  \subsection{Streaming and ...

! Missing \endcsname inserted.
<to be read again> 
                   \protect 
l.65 ... during training \cite{author\_year\_long}
                                                  . Methods like Averaged Gr...


Package natbib Warning: Citation `author\T1\textunderscoreyear\T1\textunderscor
elong' on page 2 undefined on input line 65.

! Missing \endcsname inserted.
<to be read again> 
                   \protect 
l.65 ...n be biased \cite{sun\_2023\_regularizing}
                                                  . In contrast, SOCA replac...


Package natbib Warning: Citation `sun\T1\textunderscore2023\T1\textunderscorere
gularizing' on page 2 undefined on input line 65.

! Undefined control sequence.
l.65 ...led approach to knowledge consolidation.\n
                                                  \n\subsection{Second-Order...

! Undefined control sequence.
l.65 ...d approach to knowledge consolidation.\n\n
                                                  \subsection{Second-Order a...

! Missing \endcsname inserted.
<to be read again> 
                   \protect 
l.66 ...importance \cite{daxberger\_2021\_laplace}
                                                  . ELLA \cite{deng\_2022\_a...


Package natbib Warning: Citation `daxberger\T1\textunderscore2021\T1\textunders
corelaplace' on page 2 undefined on input line 66.

! Missing \endcsname inserted.
<to be read again> 
                   \protect 
l.66 ...lace}. ELLA \cite{deng\_2022\_accelerated}
                                                   provides an efficient way...


Package natbib Warning: Citation `deng\T1\textunderscore2022\T1\textunderscorea
ccelerated' on page 2 undefined on input line 66.

! Undefined control sequence.
l.66 ...ethods to a scalable, streaming context.\n
                                                  \n\subsection{Meta-Continu...

! Undefined control sequence.
l.66 ...hods to a scalable, streaming context.\n\n
                                                  \subsection{Meta-Continual...

[2]
! Missing \endcsname inserted.
<to be read again> 
                   \protect 
l.67 ...orithms like MAML \cite{finn\_2017\_model}
                                                   to an online setting, aim...


Package natbib Warning: Citation `finn\T1\textunderscore2017\T1\textunderscorem
odel' on page 3 undefined on input line 67.

! Missing \endcsname inserted.
<to be read again> 
                   \protect 
l.67 ...mization process \cite{author\_year\_meta}
                                                  . SOCA contributes to this...


Package natbib Warning: Citation `author\T1\textunderscoreyear\T1\textunderscor
emeta' on page 3 undefined on input line 67.

! Undefined control sequence.
l.71 ...r optimization upon which SOCA is built.\n
                                                  \n\subsection{Continual Le...

! Undefined control sequence.
l.71 ...optimization upon which SOCA is built.\n\n
                                                  \subsection{Continual Lear...

! Undefined control sequence.
l.72 ...ting parameters important for old tasks.\n
                                                  \n\subsection{Curvature an...

! Undefined control sequence.
l.72 ...ng parameters important for old tasks.\n\n
                                                  \subsection{Curvature and ...

! Undefined control sequence.
l.73 ...task's solution and should be preserved.\n
                                                  \n\subsection{Low-Rank Hes...

! Undefined control sequence.
l.73 ...sk's solution and should be preserved.\n\n
                                                  \subsection{Low-Rank Hessi...

! Missing \endcsname inserted.
<to be read again> 
                   \protect 
l.74 ...A framework \cite{deng\_2022\_accelerated}
                                                   provides an efficient met...


Package natbib Warning: Citation `deng\T1\textunderscore2022\T1\textunderscorea
ccelerated' on page 3 undefined on input line 74.

! Undefined control sequence.
l.74 ...g the explicit formation of the Hessian.\n
                                                  \n\subsection{Problem Sett...

! Undefined control sequence.
l.74 ...the explicit formation of the Hessian.\n\n
                                                  \subsection{Problem Settin...

[3]
! Undefined control sequence.
l.79 ...three key stages for each incoming task.\n
                                                  \n\textbf{1. Task-Local Cu...

! Undefined control sequence.
l.79 ...ree key stages for each incoming task.\n\n
                                                  \textbf{1. Task-Local Curv...

! Undefined control sequence.
<recently read> \nFor 
                      
l.79 ...f{1. Task-Local Curvature Estimation}\nFor
                                                   each new task $T_t$, we b...

! Missing \endcsname inserted.
<to be read again> 
                   \protect 
l.79 ...e from ELLA \cite{deng\_2022\_accelerated}
                                                  , which uses a Nyström ap...


Package natbib Warning: Citation `deng\T1\textunderscore2022\T1\textunderscorea
ccelerated' on page 4 undefined on input line 79.

! Undefined control sequence.
l.79 ...NTK) to extract this low-rank structure.\n
                                                  \n\textbf{2. Streaming Ort...

! Undefined control sequence.
l.79 ...K) to extract this low-rank structure.\n\n
                                                  \textbf{2. Streaming Ortho...

! Undefined control sequence.
<recently read> \nThis 
                       
l.79 ...nal Curvature Fusion (Core Novelty)}\nThis
                                                   stage is the core of SOCA...

! Undefined control sequence.
l.85 \n
       \textbf{3. Dual-Use Meta-Curvature for Stability and Plasticity}\nOnc...

! Undefined control sequence.
<recently read> \nOnce 
                       
l.85 ...vature for Stability and Plasticity}\nOnce
                                                   updated, the global model...

[4]
! Undefined control sequence.
l.93 ...reaming Meta-Continual Learning setting.\n
                                                  \n\textbf{Datasets and Tas...

! Undefined control sequence.
l.93 ...aming Meta-Continual Learning setting.\n\n
                                                  \textbf{Datasets and Task ...

! Undefined control sequence.
<recently read> \nWe 
                     
l.93 ...textbf{Datasets and Task Formulation:}\nWe
                                                   utilized two standard con...

! Undefined control sequence.
l.93 ...sess performance in different scenarios:\n
                                                  \begin{itemize}
! Undefined control sequence.
l.98 \n
       \textbf{Baselines for Comparison:}\nWe compared SOCA against a set of...

! Undefined control sequence.
<recently read> \nWe 
                     
l.98 \n\textbf{Baselines for Comparison:}\nWe
                                              compared SOCA against a set of...

! Undefined control sequence.
l.98 ...ainst a set of representative baselines:\n
                                                  \begin{itemize}
! Undefined control sequence.
l.104 \n
        \textbf{Evaluation Metrics:}\nWe employed a suite of standard metric...

! Undefined control sequence.
<recently read> \nWe 
                     
l.104 \n\textbf{Evaluation Metrics:}\nWe
                                         employed a suite of standard metric...

! Undefined control sequence.
l.104 ...trics to provide a holistic evaluation:\n
                                                  \begin{itemize}
! Undefined control sequence.
l.110 \n
        \textbf{Implementation Details:}\nAll experiments were implemented i...

! Undefined control sequence.
<recently read> \nAll 
                      
l.110 \n\textbf{Implementation Details:}\nAll
                                              experiments were implemented i...

[5]
! Undefined control sequence.
l.114 ...different continual learning scenarios.\n
                                                  \n\subsection{Performance ...

! Undefined control sequence.
l.114 ...fferent continual learning scenarios.\n\n
                                                  \subsection{Performance on...

! Undefined control sequence.
l.115 ...hese metrics is visualized in Figure 1.\n
                                                  \nFurthermore, SOCA proved...

! Undefined control sequence.
l.115 ...is visualized in Figure 1.\n\nFurthermore
                                                  , SOCA proved highly effec...

! Undefined control sequence.
l.115 ...urther illustrate this performance gap.\n
                                                  \n\subsection{Performance ...

! Undefined control sequence.
l.115 ...ther illustrate this performance gap.\n\n
                                                  \subsection{Performance on...

! Undefined control sequence.
l.116 ...hallenge in class-incremental learning.\n
                                                  \n\subsection{Analysis of ...

! Undefined control sequence.
l.116 ...llenge in class-incremental learning.\n\n
                                                  \subsection{Analysis of Tr...

! Undefined control sequence.
l.117 ...n this difficult but important setting.\n
                                                  \n\begin{figure}[H]
! Undefined control sequence.
l.117 ...this difficult but important setting.\n\n
                                                  \begin{figure}[H]

Underfull \vbox (badness 10000) has occurred while \output is active [6]
Underfull \vbox (badness 10000) has occurred while \output is active [7 <./imag
es/metrics_comparison_permuted_mnist.pdf> <./images/metrics_comparison_split_ci
far100.pdf> <./images/accuracy_heatmap_soca.pdf>]
Underfull \vbox (badness 10000) has occurred while \output is active [8 <./imag
es/accuracy_heatmap_experience_replay.pdf> <./images/accuracy_heatmap_finetune.
pdf>]
Underfull \vbox (badness 10000) has occurred while \output is active [9 <./imag
es/forgetting_analysis_soca.pdf> <./images/forgetting_analysis_experience_repla
y.pdf>]
! Undefined control sequence.
l.167 ...pre-conditioning to promote plasticity.\n
                                                  \nOur experimental evaluat...

! Undefined control sequence.
l.167 ...onditioning to promote plasticity.\n\nOur
                                                   experimental evaluation d...

! Undefined control sequence.
l.167 ...nce involves an expanding output space.\n
                                                  \nSOCA represents a signif...

! Undefined control sequence.
l.167 ...volves an expanding output space.\n\nSOCA
                                                   represents a significant ...


Package natbib Warning: Citation `airas2025' on page 10 undefined on input line
 169.

(./paper.bbl (/usr/share/texlive/texmf-dist/tex/latex/psnfss/t1pcr.fd))

Package natbib Warning: There were undefined citations.

[10 <./images/forgetting_analysis_finetune.pdf>] (./paper.aux

Package natbib Warning: Citation(s) may have changed.
(natbib)                Rerun to get citations correct.

) )
(see the transcript file for additional information)</usr/share/texlive/texmf-d
ist/fonts/type1/public/amsfonts/cm/cmmi10.pfb></usr/share/texlive/texmf-dist/fo
nts/type1/public/amsfonts/cm/cmmi7.pfb></usr/share/texlive/texmf-dist/fonts/typ
e1/public/amsfonts/cm/cmr10.pfb></usr/share/texlive/texmf-dist/fonts/type1/publ
ic/amsfonts/cm/cmr7.pfb></usr/share/texlive/texmf-dist/fonts/type1/public/amsfo
nts/cm/cmsy10.pfb></usr/share/texlive/texmf-dist/fonts/type1/public/amsfonts/cm
/cmsy7.pfb></usr/share/texlive/texmf-dist/fonts/type1/public/amsfonts/symbols/m
sbm10.pfb></usr/share/texlive/texmf-dist/fonts/type1/urw/courier/ucrr8a.pfb></u
sr/share/texlive/texmf-dist/fonts/type1/urw/times/utmb8a.pfb></usr/share/texliv
e/texmf-dist/fonts/type1/urw/times/utmr8a.pfb>
Output written on paper.pdf (10 pages, 261732 bytes).
Transcript written on paper.log.
This is pdfTeX, Version 3.141592653-2.6-1.40.25 (TeX Live 2023/Debian) (preloaded format=pdflatex)
 restricted \write18 enabled.
entering extended mode
(./paper.tex
LaTeX2e <2023-11-01> patch level 1
L3 programming layer <2024-01-22>
(/usr/share/texlive/texmf-dist/tex/latex/base/article.cls
Document Class: article 2023/05/17 v1.4n Standard LaTeX document class
(/usr/share/texlive/texmf-dist/tex/latex/base/size10.clo))
(./iclr2024_conference.sty
(/usr/share/texlive/texmf-dist/tex/latex/eso-pic/eso-pic.sty
(/usr/share/texlive/texmf-dist/tex/latex/graphics/keyval.sty)
(/usr/share/texlive/texmf-dist/tex/latex/xcolor/xcolor.sty
(/usr/share/texlive/texmf-dist/tex/latex/graphics-cfg/color.cfg)
(/usr/share/texlive/texmf-dist/tex/latex/graphics-def/pdftex.def)
(/usr/share/texlive/texmf-dist/tex/latex/graphics/mathcolor.ltx)))
(./fancyhdr.sty) (./natbib.sty))
(/usr/share/texlive/texmf-dist/tex/latex/psnfss/times.sty)
(/usr/share/texlive/texmf-dist/tex/latex/base/inputenc.sty)
(/usr/share/texlive/texmf-dist/tex/latex/base/fontenc.sty
(/usr/share/texlive/texmf-dist/tex/latex/psnfss/t1ptm.fd))
(/usr/share/texlive/texmf-dist/tex/latex/hyperref/hyperref.sty
(/usr/share/texlive/texmf-dist/tex/generic/iftex/iftex.sty)
(/usr/share/texlive/texmf-dist/tex/latex/kvsetkeys/kvsetkeys.sty)
(/usr/share/texlive/texmf-dist/tex/generic/kvdefinekeys/kvdefinekeys.sty)
(/usr/share/texlive/texmf-dist/tex/generic/pdfescape/pdfescape.sty
(/usr/share/texlive/texmf-dist/tex/generic/ltxcmds/ltxcmds.sty)
(/usr/share/texlive/texmf-dist/tex/generic/pdftexcmds/pdftexcmds.sty
(/usr/share/texlive/texmf-dist/tex/generic/infwarerr/infwarerr.sty)))
(/usr/share/texlive/texmf-dist/tex/latex/hycolor/hycolor.sty)
(/usr/share/texlive/texmf-dist/tex/latex/auxhook/auxhook.sty)
(/usr/share/texlive/texmf-dist/tex/latex/hyperref/nameref.sty
(/usr/share/texlive/texmf-dist/tex/latex/refcount/refcount.sty)
(/usr/share/texlive/texmf-dist/tex/generic/gettitlestring/gettitlestring.sty
(/usr/share/texlive/texmf-dist/tex/latex/kvoptions/kvoptions.sty)))
(/usr/share/texlive/texmf-dist/tex/latex/etoolbox/etoolbox.sty)
(/usr/share/texlive/texmf-dist/tex/latex/hyperref/pd1enc.def)
(/usr/share/texlive/texmf-dist/tex/generic/intcalc/intcalc.sty)
(/usr/share/texlive/texmf-dist/tex/latex/hyperref/puenc.def)
(/usr/share/texlive/texmf-dist/tex/latex/url/url.sty)
(/usr/share/texlive/texmf-dist/tex/generic/bitset/bitset.sty
(/usr/share/texlive/texmf-dist/tex/generic/bigintcalc/bigintcalc.sty))
(/usr/share/texlive/texmf-dist/tex/latex/base/atbegshi-ltx.sty))
(/usr/share/texlive/texmf-dist/tex/latex/hyperref/hpdftex.def
(/usr/share/texlive/texmf-dist/tex/latex/base/atveryend-ltx.sty)
(/usr/share/texlive/texmf-dist/tex/latex/rerunfilecheck/rerunfilecheck.sty
(/usr/share/texlive/texmf-dist/tex/generic/uniquecounter/uniquecounter.sty)))
(/usr/share/texlive/texmf-dist/tex/latex/booktabs/booktabs.sty)
(/usr/share/texlive/texmf-dist/tex/latex/amsfonts/amsfonts.sty)
(/usr/share/texlive/texmf-dist/tex/latex/units/nicefrac.sty
(/usr/share/texlive/texmf-dist/tex/latex/base/ifthen.sty))
(/usr/share/texlive/texmf-dist/tex/latex/microtype/microtype.sty
(/usr/share/texlive/texmf-dist/tex/latex/microtype/microtype-pdftex.def)
(/usr/share/texlive/texmf-dist/tex/latex/microtype/microtype.cfg))
(/usr/share/texlive/texmf-dist/tex/latex/titlesec/titletoc.sty)
(/usr/share/texlive/texmf-dist/tex/latex/caption/subcaption.sty
(/usr/share/texlive/texmf-dist/tex/latex/caption/caption.sty
(/usr/share/texlive/texmf-dist/tex/latex/caption/caption3.sty)))
(/usr/share/texlive/texmf-dist/tex/latex/graphics/graphicx.sty
(/usr/share/texlive/texmf-dist/tex/latex/graphics/graphics.sty
(/usr/share/texlive/texmf-dist/tex/latex/graphics/trig.sty)
(/usr/share/texlive/texmf-dist/tex/latex/graphics-cfg/graphics.cfg)))
(/usr/share/texlive/texmf-dist/tex/latex/amsmath/amsmath.sty
For additional information on amsmath, use the `?' option.
(/usr/share/texlive/texmf-dist/tex/latex/amsmath/amstext.sty
(/usr/share/texlive/texmf-dist/tex/latex/amsmath/amsgen.sty))
(/usr/share/texlive/texmf-dist/tex/latex/amsmath/amsbsy.sty)
(/usr/share/texlive/texmf-dist/tex/latex/amsmath/amsopn.sty))
(/usr/share/texlive/texmf-dist/tex/latex/multirow/multirow.sty)
(/usr/share/texlive/texmf-dist/tex/latex/colortbl/colortbl.sty
(/usr/share/texlive/texmf-dist/tex/latex/tools/array.sty))
(/usr/share/texlive/texmf-dist/tex/latex/cleveref/cleveref.sty)
(/usr/share/texlive/texmf-dist/tex/latex/algorithms/algorithm.sty
(/usr/share/texlive/texmf-dist/tex/latex/float/float.sty))
(/usr/share/texlive/texmf-dist/tex/latex/algorithmicx/algorithmicx.sty
Document Style algorithmicx 1.2 - a greatly improved `algorithmic' style
) (/usr/share/texlive/texmf-dist/tex/latex/algorithmicx/algpseudocode.sty
Document Style - pseudocode environments for use with the `algorithmicx' style
) (/usr/share/texlive/texmf-dist/tex/latex/pgf/frontendlayer/tikz.sty
(/usr/share/texlive/texmf-dist/tex/latex/pgf/basiclayer/pgf.sty
(/usr/share/texlive/texmf-dist/tex/latex/pgf/utilities/pgfrcs.sty
(/usr/share/texlive/texmf-dist/tex/generic/pgf/utilities/pgfutil-common.tex)
(/usr/share/texlive/texmf-dist/tex/generic/pgf/utilities/pgfutil-latex.def)
(/usr/share/texlive/texmf-dist/tex/generic/pgf/utilities/pgfrcs.code.tex
(/usr/share/texlive/texmf-dist/tex/generic/pgf/pgf.revision.tex)))
(/usr/share/texlive/texmf-dist/tex/latex/pgf/basiclayer/pgfcore.sty
(/usr/share/texlive/texmf-dist/tex/latex/pgf/systemlayer/pgfsys.sty
(/usr/share/texlive/texmf-dist/tex/generic/pgf/systemlayer/pgfsys.code.tex
(/usr/share/texlive/texmf-dist/tex/generic/pgf/utilities/pgfkeys.code.tex
(/usr/share/texlive/texmf-dist/tex/generic/pgf/utilities/pgfkeyslibraryfiltered
.code.tex)) (/usr/share/texlive/texmf-dist/tex/generic/pgf/systemlayer/pgf.cfg)
(/usr/share/texlive/texmf-dist/tex/generic/pgf/systemlayer/pgfsys-pdftex.def
(/usr/share/texlive/texmf-dist/tex/generic/pgf/systemlayer/pgfsys-common-pdf.de
f)))
(/usr/share/texlive/texmf-dist/tex/generic/pgf/systemlayer/pgfsyssoftpath.code.
tex)
(/usr/share/texlive/texmf-dist/tex/generic/pgf/systemlayer/pgfsysprotocol.code.
tex))
(/usr/share/texlive/texmf-dist/tex/generic/pgf/basiclayer/pgfcore.code.tex
(/usr/share/texlive/texmf-dist/tex/generic/pgf/math/pgfmath.code.tex
(/usr/share/texlive/texmf-dist/tex/generic/pgf/math/pgfmathutil.code.tex)
(/usr/share/texlive/texmf-dist/tex/generic/pgf/math/pgfmathparser.code.tex)
(/usr/share/texlive/texmf-dist/tex/generic/pgf/math/pgfmathfunctions.code.tex)
(/usr/share/texlive/texmf-dist/tex/generic/pgf/math/pgfmathfunctions.basic.code
.tex)
(/usr/share/texlive/texmf-dist/tex/generic/pgf/math/pgfmathfunctions.trigonomet
ric.code.tex)
(/usr/share/texlive/texmf-dist/tex/generic/pgf/math/pgfmathfunctions.random.cod
e.tex)
(/usr/share/texlive/texmf-dist/tex/generic/pgf/math/pgfmathfunctions.comparison
.code.tex)
(/usr/share/texlive/texmf-dist/tex/generic/pgf/math/pgfmathfunctions.base.code.
tex)
(/usr/share/texlive/texmf-dist/tex/generic/pgf/math/pgfmathfunctions.round.code
.tex)
(/usr/share/texlive/texmf-dist/tex/generic/pgf/math/pgfmathfunctions.misc.code.
tex)
(/usr/share/texlive/texmf-dist/tex/generic/pgf/math/pgfmathfunctions.integerari
thmetics.code.tex)
(/usr/share/texlive/texmf-dist/tex/generic/pgf/math/pgfmathcalc.code.tex)
(/usr/share/texlive/texmf-dist/tex/generic/pgf/math/pgfmathfloat.code.tex))
(/usr/share/texlive/texmf-dist/tex/generic/pgf/math/pgfint.code.tex)
(/usr/share/texlive/texmf-dist/tex/generic/pgf/basiclayer/pgfcorepoints.code.te
x)
(/usr/share/texlive/texmf-dist/tex/generic/pgf/basiclayer/pgfcorepathconstruct.
code.tex)
(/usr/share/texlive/texmf-dist/tex/generic/pgf/basiclayer/pgfcorepathusage.code
.tex)
(/usr/share/texlive/texmf-dist/tex/generic/pgf/basiclayer/pgfcorescopes.code.te
x)
(/usr/share/texlive/texmf-dist/tex/generic/pgf/basiclayer/pgfcoregraphicstate.c
ode.tex)
(/usr/share/texlive/texmf-dist/tex/generic/pgf/basiclayer/pgfcoretransformation
s.code.tex)
(/usr/share/texlive/texmf-dist/tex/generic/pgf/basiclayer/pgfcorequick.code.tex
)
(/usr/share/texlive/texmf-dist/tex/generic/pgf/basiclayer/pgfcoreobjects.code.t
ex)
(/usr/share/texlive/texmf-dist/tex/generic/pgf/basiclayer/pgfcorepathprocessing
.code.tex)
(/usr/share/texlive/texmf-dist/tex/generic/pgf/basiclayer/pgfcorearrows.code.te
x)
(/usr/share/texlive/texmf-dist/tex/generic/pgf/basiclayer/pgfcoreshade.code.tex
)
(/usr/share/texlive/texmf-dist/tex/generic/pgf/basiclayer/pgfcoreimage.code.tex
)
(/usr/share/texlive/texmf-dist/tex/generic/pgf/basiclayer/pgfcoreexternal.code.
tex)
(/usr/share/texlive/texmf-dist/tex/generic/pgf/basiclayer/pgfcorelayers.code.te
x)
(/usr/share/texlive/texmf-dist/tex/generic/pgf/basiclayer/pgfcoretransparency.c
ode.tex)
(/usr/share/texlive/texmf-dist/tex/generic/pgf/basiclayer/pgfcorepatterns.code.
tex)
(/usr/share/texlive/texmf-dist/tex/generic/pgf/basiclayer/pgfcorerdf.code.tex))
)
(/usr/share/texlive/texmf-dist/tex/generic/pgf/modules/pgfmoduleshapes.code.tex
) (/usr/share/texlive/texmf-dist/tex/generic/pgf/modules/pgfmoduleplot.code.tex
)
(/usr/share/texlive/texmf-dist/tex/latex/pgf/compatibility/pgfcomp-version-0-65
.sty)
(/usr/share/texlive/texmf-dist/tex/latex/pgf/compatibility/pgfcomp-version-1-18
.sty)) (/usr/share/texlive/texmf-dist/tex/latex/pgf/utilities/pgffor.sty
(/usr/share/texlive/texmf-dist/tex/latex/pgf/utilities/pgfkeys.sty
(/usr/share/texlive/texmf-dist/tex/generic/pgf/utilities/pgfkeys.code.tex))
(/usr/share/texlive/texmf-dist/tex/latex/pgf/math/pgfmath.sty
(/usr/share/texlive/texmf-dist/tex/generic/pgf/math/pgfmath.code.tex))
(/usr/share/texlive/texmf-dist/tex/generic/pgf/utilities/pgffor.code.tex))
(/usr/share/texlive/texmf-dist/tex/generic/pgf/frontendlayer/tikz/tikz.code.tex

(/usr/share/texlive/texmf-dist/tex/generic/pgf/libraries/pgflibraryplothandlers
.code.tex)
(/usr/share/texlive/texmf-dist/tex/generic/pgf/modules/pgfmodulematrix.code.tex
)
(/usr/share/texlive/texmf-dist/tex/generic/pgf/frontendlayer/tikz/libraries/tik
zlibrarytopaths.code.tex)))
(/usr/share/texlive/texmf-dist/tex/latex/pgfplots/pgfplots.sty
(/usr/share/texlive/texmf-dist/tex/generic/pgfplots/pgfplots.revision.tex)
(/usr/share/texlive/texmf-dist/tex/generic/pgfplots/pgfplots.code.tex
(/usr/share/texlive/texmf-dist/tex/generic/pgfplots/pgfplotscore.code.tex
(/usr/share/texlive/texmf-dist/tex/generic/pgfplots/sys/pgfplotssysgeneric.code
.tex))
(/usr/share/texlive/texmf-dist/tex/generic/pgfplots/libs/pgfplotslibrary.code.t
ex)
(/usr/share/texlive/texmf-dist/tex/generic/pgfplots/oldpgfcompatib/pgfplotsoldp
gfsupp_loader.code.tex
(/usr/share/texlive/texmf-dist/tex/generic/pgf/libraries/pgflibraryfpu.code.tex
)
Package pgfplots: loading complementary utilities for your pgf version...

(/usr/share/texlive/texmf-dist/tex/generic/pgfplots/oldpgfcompatib/pgfplotsoldp
gfsupp_pgfutil-common-lists.tex))
(/usr/share/texlive/texmf-dist/tex/generic/pgfplots/util/pgfplotsutil.code.tex
(/usr/share/texlive/texmf-dist/tex/generic/pgfplots/liststructure/pgfplotslists
tructure.code.tex)
(/usr/share/texlive/texmf-dist/tex/generic/pgfplots/liststructure/pgfplotslists
tructureext.code.tex)
(/usr/share/texlive/texmf-dist/tex/generic/pgfplots/liststructure/pgfplotsarray
.code.tex)
(/usr/share/texlive/texmf-dist/tex/generic/pgfplots/liststructure/pgfplotsmatri
x.code.tex)
(/usr/share/texlive/texmf-dist/tex/generic/pgfplots/numtable/pgfplotstableshare
d.code.tex)
(/usr/share/texlive/texmf-dist/tex/generic/pgfplots/liststructure/pgfplotsdeque
.code.tex)
(/usr/share/texlive/texmf-dist/tex/generic/pgfplots/util/pgfplotsbinary.code.te
x
(/usr/share/texlive/texmf-dist/tex/generic/pgfplots/util/pgfplotsbinary.data.co
de.tex))
(/usr/share/texlive/texmf-dist/tex/generic/pgfplots/util/pgfplotsutil.verb.code
.tex)
(/usr/share/texlive/texmf-dist/tex/generic/pgfplots/libs/pgflibrarypgfplots.sur
fshading.code.tex
(/usr/share/texlive/texmf-dist/tex/generic/pgfplots/sys/pgflibrarypgfplots.surf
shading.pgfsys-pdftex.def)))
(/usr/share/texlive/texmf-dist/tex/generic/pgfplots/util/pgfplotscolormap.code.
tex
(/usr/share/texlive/texmf-dist/tex/generic/pgfplots/util/pgfplotscolor.code.tex
))
(/usr/share/texlive/texmf-dist/tex/generic/pgfplots/pgfplotsstackedplots.code.t
ex)
(/usr/share/texlive/texmf-dist/tex/generic/pgfplots/pgfplotsplothandlers.code.t
ex
(/usr/share/texlive/texmf-dist/tex/generic/pgfplots/pgfplotsmeshplothandler.cod
e.tex
(/usr/share/texlive/texmf-dist/tex/generic/pgfplots/pgfplotsmeshplotimage.code.
tex)))
(/usr/share/texlive/texmf-dist/tex/generic/pgfplots/pgfplots.scaling.code.tex)
(/usr/share/texlive/texmf-dist/tex/generic/pgfplots/pgfplotscoordprocessing.cod
e.tex)
(/usr/share/texlive/texmf-dist/tex/generic/pgfplots/pgfplots.errorbars.code.tex
) (/usr/share/texlive/texmf-dist/tex/generic/pgfplots/pgfplots.markers.code.tex
) (/usr/share/texlive/texmf-dist/tex/generic/pgfplots/pgfplotsticks.code.tex)
(/usr/share/texlive/texmf-dist/tex/generic/pgfplots/pgfplots.paths.code.tex)
(/usr/share/texlive/texmf-dist/tex/generic/pgf/frontendlayer/tikz/libraries/tik
zlibrarydecorations.code.tex
(/usr/share/texlive/texmf-dist/tex/generic/pgf/modules/pgfmoduledecorations.cod
e.tex))
(/usr/share/texlive/texmf-dist/tex/generic/pgf/frontendlayer/tikz/libraries/tik
zlibrarydecorations.pathmorphing.code.tex
(/usr/share/texlive/texmf-dist/tex/generic/pgf/libraries/decorations/pgflibrary
decorations.pathmorphing.code.tex))
(/usr/share/texlive/texmf-dist/tex/generic/pgf/frontendlayer/tikz/libraries/tik
zlibrarydecorations.pathreplacing.code.tex
(/usr/share/texlive/texmf-dist/tex/generic/pgf/libraries/decorations/pgflibrary
decorations.pathreplacing.code.tex))
(/usr/share/texlive/texmf-dist/tex/generic/pgfplots/libs/tikzlibrarypgfplots.co
ntourlua.code.tex))
(/usr/share/texlive/texmf-dist/tex/generic/pgf/frontendlayer/tikz/libraries/tik
zlibraryplotmarks.code.tex
(/usr/share/texlive/texmf-dist/tex/generic/pgf/libraries/pgflibraryplotmarks.co
de.tex))) (/usr/share/texlive/texmf-dist/tex/latex/tools/tabularx.sty)
(/usr/share/texlive/texmf-dist/tex/latex/l3backend/l3backend-pdftex.def)
(./paper.aux)
(/usr/share/texlive/texmf-dist/tex/context/base/mkii/supp-pdf.mkii
[Loading MPS to PDF converter (version 2006.09.02).]
) (/usr/share/texlive/texmf-dist/tex/latex/epstopdf-pkg/epstopdf-base.sty
(/usr/share/texlive/texmf-dist/tex/latex/latexconfig/epstopdf-sys.cfg))
(./paper.out) (./paper.out)
(/usr/share/texlive/texmf-dist/tex/latex/microtype/mt-ptm.cfg)
Package pgfplots notification 'compat/show suggested version=true': document ha
s been generated with the most recent feature set (\pgfplotsset{compat=1.18}).

(/usr/share/texlive/texmf-dist/tex/latex/microtype/mt-cmr.cfg)
(/usr/share/texlive/texmf-dist/tex/latex/amsfonts/umsa.fd)
(/usr/share/texlive/texmf-dist/tex/latex/microtype/mt-msa.cfg)
(/usr/share/texlive/texmf-dist/tex/latex/amsfonts/umsb.fd)
(/usr/share/texlive/texmf-dist/tex/latex/microtype/mt-msb.cfg)
! Missing \endcsname inserted.
<to be read again> 
                   \protect 
l.55 ...e loss landscape \cite{author\_year\_meta}
                                                  . By approximating the Hes...


Package natbib Warning: Citation `author\T1\textunderscoreyear\T1\textunderscor
emeta' on page 1 undefined on input line 55.

! Missing \endcsname inserted.
<to be read again> 
                   \protect 
l.55 ...s like ELLA \cite{deng\_2022\_accelerated}
                                                   or Laplace Redux \cite{da...


Package natbib Warning: Citation `deng\T1\textunderscore2022\T1\textunderscorea
ccelerated' on page 1 undefined on input line 55.

! Missing \endcsname inserted.
<to be read again> 
                   \protect 
l.55 ...lace Redux \cite{daxberger\_2021\_laplace}
                                                   are inherently offline, r...


Package natbib Warning: Citation `daxberger\T1\textunderscore2021\T1\textunders
corelaplace' on page 1 undefined on input line 55.

! Undefined control sequence.
l.55 ...able for true lifelong learning streams.\n
                                                  \nThis division creates a ...

! Undefined control sequence.
l.55 ...or true lifelong learning streams.\n\nThis
                                                   division creates a critic...

! Missing \endcsname inserted.
<to be read again> 
                   \protect 
l.55 ...lemma \cite{hiratani\_2024\_disentangling}
                                                  .\n\nTo address these chal...


Package natbib Warning: Citation `hiratani\T1\textunderscore2024\T1\textundersc
oredisentangling' on page 1 undefined on input line 55.

! Undefined control sequence.
l.55 ...ma \cite{hiratani\_2024\_disentangling}.\n
                                                  \nTo address these challen...

! Undefined control sequence.
l.55 ...cite{hiratani\_2024\_disentangling}.\n\nTo
                                                   address these challenges,...

! Undefined control sequence.
l.55 ...arning along novel geometric directions.\n
                                                  \nOur primary contribution...

! Undefined control sequence.
l.55 ...g along novel geometric directions.\n\nOur
                                                   primary contributions are...

! Undefined control sequence.
l.55 ...ur primary contributions are as follows:\n
                                                  \begin{itemize}
[1{/var/lib/texmf/fonts/map/pdftex/updmap/pdftex.map}{/usr/share/texlive/texmf-
dist/fonts/enc/dvips/base/8r.enc}]
(/usr/share/texlive/texmf-dist/tex/latex/psnfss/ts1ptm.fd)
! Undefined control sequence.
l.60 \nWe
          validate SOCA on the Permuted MNIST and Split CIFAR-100 continual ...

! Undefined control sequence.
l.64 ... contrasting it with existing paradigms.\n
                                                  \n\subsection{Streaming an...

! Undefined control sequence.
l.64 ...ontrasting it with existing paradigms.\n\n
                                                  \subsection{Streaming and ...

! Missing \endcsname inserted.
<to be read again> 
                   \protect 
l.65 ... during training \cite{author\_year\_long}
                                                  . Methods like Averaged Gr...


Package natbib Warning: Citation `author\T1\textunderscoreyear\T1\textunderscor
elong' on page 2 undefined on input line 65.

! Missing \endcsname inserted.
<to be read again> 
                   \protect 
l.65 ...n be biased \cite{sun\_2023\_regularizing}
                                                  . In contrast, SOCA replac...


Package natbib Warning: Citation `sun\T1\textunderscore2023\T1\textunderscorere
gularizing' on page 2 undefined on input line 65.

! Undefined control sequence.
l.65 ...led approach to knowledge consolidation.\n
                                                  \n\subsection{Second-Order...

! Undefined control sequence.
l.65 ...d approach to knowledge consolidation.\n\n
                                                  \subsection{Second-Order a...

! Missing \endcsname inserted.
<to be read again> 
                   \protect 
l.66 ...importance \cite{daxberger\_2021\_laplace}
                                                  . ELLA \cite{deng\_2022\_a...


Package natbib Warning: Citation `daxberger\T1\textunderscore2021\T1\textunders
corelaplace' on page 2 undefined on input line 66.

! Missing \endcsname inserted.
<to be read again> 
                   \protect 
l.66 ...lace}. ELLA \cite{deng\_2022\_accelerated}
                                                   provides an efficient way...


Package natbib Warning: Citation `deng\T1\textunderscore2022\T1\textunderscorea
ccelerated' on page 2 undefined on input line 66.

! Undefined control sequence.
l.66 ...ethods to a scalable, streaming context.\n
                                                  \n\subsection{Meta-Continu...

! Undefined control sequence.
l.66 ...hods to a scalable, streaming context.\n\n
                                                  \subsection{Meta-Continual...

[2]
! Missing \endcsname inserted.
<to be read again> 
                   \protect 
l.67 ...orithms like MAML \cite{finn\_2017\_model}
                                                   to an online setting, aim...


Package natbib Warning: Citation `finn\T1\textunderscore2017\T1\textunderscorem
odel' on page 3 undefined on input line 67.

! Missing \endcsname inserted.
<to be read again> 
                   \protect 
l.67 ...mization process \cite{author\_year\_meta}
                                                  . SOCA contributes to this...


Package natbib Warning: Citation `author\T1\textunderscoreyear\T1\textunderscor
emeta' on page 3 undefined on input line 67.

! Undefined control sequence.
l.71 ...r optimization upon which SOCA is built.\n
                                                  \n\subsection{Continual Le...

! Undefined control sequence.
l.71 ...optimization upon which SOCA is built.\n\n
                                                  \subsection{Continual Lear...

! Undefined control sequence.
l.72 ...ting parameters important for old tasks.\n
                                                  \n\subsection{Curvature an...

! Undefined control sequence.
l.72 ...ng parameters important for old tasks.\n\n
                                                  \subsection{Curvature and ...

! Undefined control sequence.
l.73 ...task's solution and should be preserved.\n
                                                  \n\subsection{Low-Rank Hes...

! Undefined control sequence.
l.73 ...sk's solution and should be preserved.\n\n
                                                  \subsection{Low-Rank Hessi...

! Missing \endcsname inserted.
<to be read again> 
                   \protect 
l.74 ...A framework \cite{deng\_2022\_accelerated}
                                                   provides an efficient met...


Package natbib Warning: Citation `deng\T1\textunderscore2022\T1\textunderscorea
ccelerated' on page 3 undefined on input line 74.

! Undefined control sequence.
l.74 ...g the explicit formation of the Hessian.\n
                                                  \n\subsection{Problem Sett...

! Undefined control sequence.
l.74 ...the explicit formation of the Hessian.\n\n
                                                  \subsection{Problem Settin...

[3]
! Undefined control sequence.
l.79 ...three key stages for each incoming task.\n
                                                  \n\textbf{1. Task-Local Cu...

! Undefined control sequence.
l.79 ...ree key stages for each incoming task.\n\n
                                                  \textbf{1. Task-Local Curv...

! Undefined control sequence.
<recently read> \nFor 
                      
l.79 ...f{1. Task-Local Curvature Estimation}\nFor
                                                   each new task $T_t$, we b...

! Missing \endcsname inserted.
<to be read again> 
                   \protect 
l.79 ...e from ELLA \cite{deng\_2022\_accelerated}
                                                  , which uses a Nyström ap...


Package natbib Warning: Citation `deng\T1\textunderscore2022\T1\textunderscorea
ccelerated' on page 4 undefined on input line 79.

! Undefined control sequence.
l.79 ...NTK) to extract this low-rank structure.\n
                                                  \n\textbf{2. Streaming Ort...

! Undefined control sequence.
l.79 ...K) to extract this low-rank structure.\n\n
                                                  \textbf{2. Streaming Ortho...

! Undefined control sequence.
<recently read> \nThis 
                       
l.79 ...nal Curvature Fusion (Core Novelty)}\nThis
                                                   stage is the core of SOCA...

! Undefined control sequence.
l.85 \n
       \textbf{3. Dual-Use Meta-Curvature for Stability and Plasticity}\nOnc...

! Undefined control sequence.
<recently read> \nOnce 
                       
l.85 ...vature for Stability and Plasticity}\nOnce
                                                   updated, the global model...

[4]
! Undefined control sequence.
l.93 ...reaming Meta-Continual Learning setting.\n
                                                  \n\textbf{Datasets and Tas...

! Undefined control sequence.
l.93 ...aming Meta-Continual Learning setting.\n\n
                                                  \textbf{Datasets and Task ...

! Undefined control sequence.
<recently read> \nWe 
                     
l.93 ...textbf{Datasets and Task Formulation:}\nWe
                                                   utilized two standard con...

! Undefined control sequence.
l.93 ...sess performance in different scenarios:\n
                                                  \begin{itemize}
! Undefined control sequence.
l.98 \n
       \textbf{Baselines for Comparison:}\nWe compared SOCA against a set of...

! Undefined control sequence.
<recently read> \nWe 
                     
l.98 \n\textbf{Baselines for Comparison:}\nWe
                                              compared SOCA against a set of...

! Undefined control sequence.
l.98 ...ainst a set of representative baselines:\n
                                                  \begin{itemize}
! Undefined control sequence.
l.104 \n
        \textbf{Evaluation Metrics:}\nWe employed a suite of standard metric...

! Undefined control sequence.
<recently read> \nWe 
                     
l.104 \n\textbf{Evaluation Metrics:}\nWe
                                         employed a suite of standard metric...

! Undefined control sequence.
l.104 ...trics to provide a holistic evaluation:\n
                                                  \begin{itemize}
! Undefined control sequence.
l.110 \n
        \textbf{Implementation Details:}\nAll experiments were implemented i...

! Undefined control sequence.
<recently read> \nAll 
                      
l.110 \n\textbf{Implementation Details:}\nAll
                                              experiments were implemented i...

[5]
! Undefined control sequence.
l.114 ...different continual learning scenarios.\n
                                                  \n\subsection{Performance ...

! Undefined control sequence.
l.114 ...fferent continual learning scenarios.\n\n
                                                  \subsection{Performance on...

! Undefined control sequence.
l.115 ...hese metrics is visualized in Figure 1.\n
                                                  \nFurthermore, SOCA proved...

! Undefined control sequence.
l.115 ...is visualized in Figure 1.\n\nFurthermore
                                                  , SOCA proved highly effec...

! Undefined control sequence.
l.115 ...urther illustrate this performance gap.\n
                                                  \n\subsection{Performance ...

! Undefined control sequence.
l.115 ...ther illustrate this performance gap.\n\n
                                                  \subsection{Performance on...

! Undefined control sequence.
l.116 ...hallenge in class-incremental learning.\n
                                                  \n\subsection{Analysis of ...

! Undefined control sequence.
l.116 ...llenge in class-incremental learning.\n\n
                                                  \subsection{Analysis of Tr...

! Undefined control sequence.
l.117 ...n this difficult but important setting.\n
                                                  \n\begin{figure}[H]
! Undefined control sequence.
l.117 ...this difficult but important setting.\n\n
                                                  \begin{figure}[H]

Underfull \vbox (badness 10000) has occurred while \output is active [6]
Underfull \vbox (badness 10000) has occurred while \output is active [7 <./imag
es/metrics_comparison_permuted_mnist.pdf> <./images/metrics_comparison_split_ci
far100.pdf> <./images/accuracy_heatmap_soca.pdf>]
Underfull \vbox (badness 10000) has occurred while \output is active [8 <./imag
es/accuracy_heatmap_experience_replay.pdf> <./images/accuracy_heatmap_finetune.
pdf>]
Underfull \vbox (badness 10000) has occurred while \output is active [9 <./imag
es/forgetting_analysis_soca.pdf> <./images/forgetting_analysis_experience_repla
y.pdf>]
! Undefined control sequence.
l.167 ...pre-conditioning to promote plasticity.\n
                                                  \nOur experimental evaluat...

! Undefined control sequence.
l.167 ...onditioning to promote plasticity.\n\nOur
                                                   experimental evaluation d...

! Undefined control sequence.
l.167 ...nce involves an expanding output space.\n
                                                  \nSOCA represents a signif...

! Undefined control sequence.
l.167 ...volves an expanding output space.\n\nSOCA
                                                   represents a significant ...

(./paper.bbl (/usr/share/texlive/texmf-dist/tex/latex/psnfss/t1pcr.fd))

Package natbib Warning: There were undefined citations.

[10 <./images/forgetting_analysis_finetune.pdf>] (./paper.aux) )
(see the transcript file for additional information)</usr/share/texlive/texmf-d
ist/fonts/type1/public/amsfonts/cm/cmmi10.pfb></usr/share/texlive/texmf-dist/fo
nts/type1/public/amsfonts/cm/cmmi7.pfb></usr/share/texlive/texmf-dist/fonts/typ
e1/public/amsfonts/cm/cmr10.pfb></usr/share/texlive/texmf-dist/fonts/type1/publ
ic/amsfonts/cm/cmr7.pfb></usr/share/texlive/texmf-dist/fonts/type1/public/amsfo
nts/cm/cmsy10.pfb></usr/share/texlive/texmf-dist/fonts/type1/public/amsfonts/cm
/cmsy7.pfb></usr/share/texlive/texmf-dist/fonts/type1/public/amsfonts/symbols/m
sbm10.pfb></usr/share/texlive/texmf-dist/fonts/type1/urw/courier/ucrr8a.pfb></u
sr/share/texlive/texmf-dist/fonts/type1/urw/times/utmb8a.pfb></usr/share/texliv
e/texmf-dist/fonts/type1/urw/times/utmr8a.pfb>
Output written on paper.pdf (10 pages, 261793 bytes).
Transcript written on paper.log.
